==========================================
SLURM_JOB_ID = 351378
SLURM_JOB_NODELIST = g311
==========================================
Fri Nov 28 13:15:35 2025       
+-----------------------------------------------------------------------------------------+
| NVIDIA-SMI 550.144.03             Driver Version: 550.144.03     CUDA Version: 12.4     |
|-----------------------------------------+------------------------+----------------------+
| GPU  Name                 Persistence-M | Bus-Id          Disp.A | Volatile Uncorr. ECC |
| Fan  Temp   Perf          Pwr:Usage/Cap |           Memory-Usage | GPU-Util  Compute M. |
|                                         |                        |               MIG M. |
|=========================================+========================+======================|
|   0  Quadro RTX 6000                On  |   00000000:37:00.0 Off |                  Off |
| 33%   38C    P8             31W /  260W |       1MiB /  24576MiB |      0%      Default |
|                                         |                        |                  N/A |
+-----------------------------------------+------------------------+----------------------+
|   1  Quadro RTX 6000                On  |   00000000:86:00.0 Off |                  Off |
| 33%   36C    P8             30W /  260W |   18048MiB /  24576MiB |      0%      Default |
|                                         |                        |                  N/A |
+-----------------------------------------+------------------------+----------------------+
|   2  Quadro RTX 6000                On  |   00000000:D8:00.0 Off |                  Off |
| 35%   31C    P8             11W /  260W |       1MiB /  24576MiB |      0%      Default |
|                                         |                        |                  N/A |
+-----------------------------------------+------------------------+----------------------+
                                                                                         
+-----------------------------------------------------------------------------------------+
| Processes:                                                                              |
|  GPU   GI   CI        PID   Type   Process name                              GPU Memory |
|        ID   ID                                                               Usage      |
|=========================================================================================|
|    1   N/A  N/A    274863      C   python                                      18044MiB |
+-----------------------------------------------------------------------------------------+
Sanity Checking: |          | 0/? [00:00<?, ?it/s]Sanity Checking: |          | 0/? [00:00<?, ?it/s]Sanity Checking DataLoader 0:   0%|          | 0/2 [00:00<?, ?it/s][1;34mwandb[0m: 
[1;34mwandb[0m: 🚀 View run [33mcloudy_image_512[0m at: [34m[0m
[1;34mwandb[0m: Find logs at: [1;35mruns/cloudy_image_512/wandb/run-20251128_131554-m6vimb6k/logs[0m

-----------------------------------------------------
Command=/scratchm/sollivie/spectral-diff/job.sbatch
-----------------------------------------------------
#!/bin/bash 

#SBATCH --job-name=cloudy_image_512

#SBATCH --ntasks=1
#SBATCH --cpus-per-task=8
#SBATCH --time=7-0:00:00
#SBATCH --qos=co_long_gpu
#SBATCH --output=logslurm/cloudy_image_512-%A_%a.out
#SBATCH --error=logslurm/cloudy_image_512-%A_%a.err
#SBATCH --constraint=rtx6000

nvidia-smi
pixi run python src/spectral_diff/image.py fit --trainer config/trainer_image.yaml --model.model config/unet_image.yaml --model.scheduler config/ddpm.yaml --data config/cloudy_image.yaml --model.initial_lr 0.0001 --trainer.val_check_interval 5000
-----------------------------------------------------
StartTime=2025-11-28T13:15:29
EndTime=2025-11-28T13:17:17
NodeList=g311
-----------------------------------------------------
Job ID: 351378
Cluster: commun
User/Group: sollivie/dota
State: FAILED (exit code 1)
Nodes: 1
Cores per node: 8
CPU Utilized: 00:00:23
CPU Efficiency: 2.66% of 00:14:24 core-walltime
Job Wall-clock time: 00:01:48
Memory Utilized: 1.71 GB
Memory Efficiency: 4.53% of 37.66 GB
-----------------------------------------------------
