[W 2025-12-09 13:36:45.976 ServerApp] jupyterlab | error adding extension (enabled: True): Unknown scheme for proxy URL URL('proxy.onera:80')
    Traceback (most recent call last):
      File "/scratchm/sollivie/spectral-diff/.pixi/envs/default/lib/python3.13/site-packages/jupyter_server/extension/manager.py", line 365, in add_extension
        extpkg = ExtensionPackage(name=extension_name, enabled=enabled)
      File "/scratchm/sollivie/spectral-diff/.pixi/envs/default/lib/python3.13/site-packages/jupyter_server/extension/manager.py", line 219, in __init__
        self._load_metadata()
        ~~~~~~~~~~~~~~~~~~~^^
      File "/scratchm/sollivie/spectral-diff/.pixi/envs/default/lib/python3.13/site-packages/jupyter_server/extension/manager.py", line 228, in _load_metadata
        self.module, self.metadata = get_metadata(name, logger=self.log)
                                     ~~~~~~~~~~~~^^^^^^^^^^^^^^^^^^^^^^^
      File "/scratchm/sollivie/spectral-diff/.pixi/envs/default/lib/python3.13/site-packages/jupyter_server/extension/utils.py", line 76, in get_metadata
        return module, module._jupyter_server_extension_points()
                       ~~~~~~~~~~~~~~~~~~~~~~~~~~~~~~~~~~~~~~~^^
      File "/scratchm/sollivie/spectral-diff/.pixi/envs/default/lib/python3.13/site-packages/jupyterlab/__init__.py", line 20, in _jupyter_server_extension_points
        from .labapp import LabApp
      File "/scratchm/sollivie/spectral-diff/.pixi/envs/default/lib/python3.13/site-packages/jupyterlab/labapp.py", line 46, in <module>
        from .extensions import MANAGERS as EXT_MANAGERS
      File "/scratchm/sollivie/spectral-diff/.pixi/envs/default/lib/python3.13/site-packages/jupyterlab/extensions/__init__.py", line 12, in <module>
        from .pypi import PyPIExtensionManager
      File "/scratchm/sollivie/spectral-diff/.pixi/envs/default/lib/python3.13/site-packages/jupyterlab/extensions/pypi.py", line 74, in <module>
        "http://": httpx.AsyncHTTPTransport(proxy=http_proxy_url),
                   ~~~~~~~~~~~~~~~~~~~~~~~~^^^^^^^^^^^^^^^^^^^^^^
      File "/scratchm/sollivie/spectral-diff/.pixi/envs/default/lib/python3.13/site-packages/httpx/_transports/default.py", line 296, in __init__
        proxy = Proxy(url=proxy) if isinstance(proxy, (str, URL)) else proxy
                ~~~~~^^^^^^^^^^^
      File "/scratchm/sollivie/spectral-diff/.pixi/envs/default/lib/python3.13/site-packages/httpx/_config.py", line 214, in __init__
        raise ValueError(f"Unknown scheme for proxy URL {url!r}")
    ValueError: Unknown scheme for proxy URL URL('proxy.onera:80')
[I 2025-12-09 13:36:45.982 ServerApp] jupyter_lsp | extension was successfully linked.
[I 2025-12-09 13:36:45.985 ServerApp] jupyter_server_terminals | extension was successfully linked.
[I 2025-12-09 13:36:45.988 ServerApp] notebook | extension was successfully linked.
[W 2025-12-09 13:36:46.116 ServerApp] jupyterlab | error adding extension (enabled: True): Unknown scheme for proxy URL URL('proxy.onera:80')
    Traceback (most recent call last):
      File "/scratchm/sollivie/spectral-diff/.pixi/envs/default/lib/python3.13/site-packages/jupyter_server/extension/manager.py", line 365, in add_extension
        extpkg = ExtensionPackage(name=extension_name, enabled=enabled)
      File "/scratchm/sollivie/spectral-diff/.pixi/envs/default/lib/python3.13/site-packages/jupyter_server/extension/manager.py", line 219, in __init__
        self._load_metadata()
        ~~~~~~~~~~~~~~~~~~~^^
      File "/scratchm/sollivie/spectral-diff/.pixi/envs/default/lib/python3.13/site-packages/jupyter_server/extension/manager.py", line 228, in _load_metadata
        self.module, self.metadata = get_metadata(name, logger=self.log)
                                     ~~~~~~~~~~~~^^^^^^^^^^^^^^^^^^^^^^^
      File "/scratchm/sollivie/spectral-diff/.pixi/envs/default/lib/python3.13/site-packages/jupyter_server/extension/utils.py", line 76, in get_metadata
        return module, module._jupyter_server_extension_points()
                       ~~~~~~~~~~~~~~~~~~~~~~~~~~~~~~~~~~~~~~~^^
      File "/scratchm/sollivie/spectral-diff/.pixi/envs/default/lib/python3.13/site-packages/jupyterlab/__init__.py", line 20, in _jupyter_server_extension_points
        from .labapp import LabApp
      File "/scratchm/sollivie/spectral-diff/.pixi/envs/default/lib/python3.13/site-packages/jupyterlab/labapp.py", line 46, in <module>
        from .extensions import MANAGERS as EXT_MANAGERS
      File "/scratchm/sollivie/spectral-diff/.pixi/envs/default/lib/python3.13/site-packages/jupyterlab/extensions/__init__.py", line 12, in <module>
        from .pypi import PyPIExtensionManager
      File "/scratchm/sollivie/spectral-diff/.pixi/envs/default/lib/python3.13/site-packages/jupyterlab/extensions/pypi.py", line 74, in <module>
        "http://": httpx.AsyncHTTPTransport(proxy=http_proxy_url),
                   ~~~~~~~~~~~~~~~~~~~~~~~~^^^^^^^^^^^^^^^^^^^^^^
      File "/scratchm/sollivie/spectral-diff/.pixi/envs/default/lib/python3.13/site-packages/httpx/_transports/default.py", line 296, in __init__
        proxy = Proxy(url=proxy) if isinstance(proxy, (str, URL)) else proxy
                ~~~~~^^^^^^^^^^^
      File "/scratchm/sollivie/spectral-diff/.pixi/envs/default/lib/python3.13/site-packages/httpx/_config.py", line 214, in __init__
        raise ValueError(f"Unknown scheme for proxy URL {url!r}")
    ValueError: Unknown scheme for proxy URL URL('proxy.onera:80')
[I 2025-12-09 13:36:46.117 ServerApp] notebook_shim | extension was successfully linked.
[I 2025-12-09 13:36:46.154 ServerApp] notebook_shim | extension was successfully loaded.
[I 2025-12-09 13:36:46.156 ServerApp] jupyter_lsp | extension was successfully loaded.
[I 2025-12-09 13:36:46.157 ServerApp] jupyter_server_terminals | extension was successfully loaded.
[I 2025-12-09 13:36:46.166 ServerApp] notebook | extension was successfully loaded.
[I 2025-12-09 13:36:46.166 ServerApp] Serving notebooks from local directory: /scratchm/sollivie/spectral-diff
[I 2025-12-09 13:36:46.166 ServerApp] Jupyter Server 2.17.0 is running at:
[I 2025-12-09 13:36:46.166 ServerApp] http://spiro-n211-clu:8888/tree?token=f6c4431f4a66c7303564800b915dc38c999dac7531b62613
[I 2025-12-09 13:36:46.166 ServerApp]     http://127.0.0.1:8888/tree?token=f6c4431f4a66c7303564800b915dc38c999dac7531b62613
[I 2025-12-09 13:36:46.167 ServerApp] Use Control-C to stop this server and shut down all kernels (twice to skip confirmation).
[C 2025-12-09 13:36:46.176 ServerApp] 
    
    To access the server, open this file in a browser:
        file:///stck/sollivie/.local/share/jupyter/runtime/jpserver-3256460-open.html
    Or copy and paste one of these URLs:
        http://spiro-n211-clu:8888/tree?token=f6c4431f4a66c7303564800b915dc38c999dac7531b62613
        http://127.0.0.1:8888/tree?token=f6c4431f4a66c7303564800b915dc38c999dac7531b62613
[W 2025-12-09 13:36:46.221 ServerApp] Could not determine npm prefix: Command '['/opt/tools/bin/npm', 'prefix', '-g']' returned non-zero exit status 127.
[I 2025-12-09 13:36:46.611 ServerApp] Skipped non-installed server(s): basedpyright, bash-language-server, dockerfile-language-server-nodejs, javascript-typescript-langserver, jedi-language-server, julia-language-server, pyrefly, pyright, python-language-server, python-lsp-server, r-languageserver, sql-language-server, texlab, typescript-language-server, unified-language-server, vscode-css-languageserver-bin, vscode-html-languageserver-bin, vscode-json-languageserver-bin, yaml-language-server
[I 2025-12-09 13:37:06.659 ServerApp] 302 GET / (@10.33.240.8) 0.33ms
[I 2025-12-09 13:37:06.662 JupyterNotebookApp] 302 GET /tree? (@10.33.240.8) 0.40ms
[I 2025-12-09 13:37:07.357 ServerApp] 302 GET / (@10.33.240.8) 0.19ms
[I 2025-12-09 13:37:07.360 JupyterNotebookApp] 302 GET /tree? (@10.33.240.8) 0.25ms
[I 2025-12-09 13:37:07.990 ServerApp] 302 GET / (@10.33.240.8) 0.28ms
[I 2025-12-09 13:37:07.992 JupyterNotebookApp] 302 GET /tree? (@10.33.240.8) 0.25ms
/scratchm/sollivie/spectral-diff/.pixi/envs/default/lib/python3.13/site-packages/jupyter_client/localinterfaces.py:56: UserWarning: Unexpected error discovering local network interfaces: module 'psutil' has no attribute 'net_if_addrs'
  ret = f(**kwargs)
[I 2025-12-09 13:37:08.036 ServerApp] Kernel started: eb08c93c-5288-4542-8297-2ed3fe5b3aa0
Traceback (most recent call last):
  File "<frozen runpy>", line 198, in _run_module_as_main
  File "<frozen runpy>", line 88, in _run_code
  File "/scratchm/sollivie/spectral-diff/.pixi/envs/default/lib/python3.13/site-packages/ipykernel_launcher.py", line 16, in <module>
    from ipykernel import kernelapp as app
  File "/scratchm/sollivie/spectral-diff/.pixi/envs/default/lib/python3.13/site-packages/ipykernel/kernelapp.py", line 21, in <module>
    from IPython.core.application import (  # type:ignore[attr-defined]
    ...<4 lines>...
    )
  File "/scratchm/sollivie/spectral-diff/.pixi/envs/default/lib/python3.13/site-packages/IPython/__init__.py", line 57, in <module>
    from .terminal.embed import embed
  File "/scratchm/sollivie/spectral-diff/.pixi/envs/default/lib/python3.13/site-packages/IPython/terminal/embed.py", line 15, in <module>
    from IPython.core.interactiveshell import InteractiveShell, make_main_module_type
  File "/scratchm/sollivie/spectral-diff/.pixi/envs/default/lib/python3.13/site-packages/IPython/core/interactiveshell.py", line 70, in <module>
    from IPython.core.displayhook import DisplayHook
  File "/scratchm/sollivie/spectral-diff/.pixi/envs/default/lib/python3.13/site-packages/IPython/core/displayhook.py", line 19, in <module>
    from .history import HistoryOutput
  File "/scratchm/sollivie/spectral-diff/.pixi/envs/default/lib/python3.13/site-packages/IPython/core/history.py", line 20, in <module>
    from decorator import decorator
ModuleNotFoundError: No module named 'decorator'
[I 2025-12-09 13:37:11.028 ServerApp] AsyncIOLoopKernelRestarter: restarting kernel (1/5), new random ports
Traceback (most recent call last):
  File "<frozen runpy>", line 198, in _run_module_as_main
  File "<frozen runpy>", line 88, in _run_code
  File "/scratchm/sollivie/spectral-diff/.pixi/envs/default/lib/python3.13/site-packages/ipykernel_launcher.py", line 16, in <module>
    from ipykernel import kernelapp as app
  File "/scratchm/sollivie/spectral-diff/.pixi/envs/default/lib/python3.13/site-packages/ipykernel/kernelapp.py", line 21, in <module>
    from IPython.core.application import (  # type:ignore[attr-defined]
    ...<4 lines>...
    )
  File "/scratchm/sollivie/spectral-diff/.pixi/envs/default/lib/python3.13/site-packages/IPython/__init__.py", line 57, in <module>
    from .terminal.embed import embed
  File "/scratchm/sollivie/spectral-diff/.pixi/envs/default/lib/python3.13/site-packages/IPython/terminal/embed.py", line 15, in <module>
    from IPython.core.interactiveshell import InteractiveShell, make_main_module_type
  File "/scratchm/sollivie/spectral-diff/.pixi/envs/default/lib/python3.13/site-packages/IPython/core/interactiveshell.py", line 70, in <module>
    from IPython.core.displayhook import DisplayHook
  File "/scratchm/sollivie/spectral-diff/.pixi/envs/default/lib/python3.13/site-packages/IPython/core/displayhook.py", line 19, in <module>
    from .history import HistoryOutput
  File "/scratchm/sollivie/spectral-diff/.pixi/envs/default/lib/python3.13/site-packages/IPython/core/history.py", line 20, in <module>
    from decorator import decorator
ModuleNotFoundError: No module named 'decorator'
[I 2025-12-09 13:37:14.044 ServerApp] AsyncIOLoopKernelRestarter: restarting kernel (2/5), new random ports
Traceback (most recent call last):
  File "<frozen runpy>", line 198, in _run_module_as_main
  File "<frozen runpy>", line 88, in _run_code
  File "/scratchm/sollivie/spectral-diff/.pixi/envs/default/lib/python3.13/site-packages/ipykernel_launcher.py", line 16, in <module>
    from ipykernel import kernelapp as app
  File "/scratchm/sollivie/spectral-diff/.pixi/envs/default/lib/python3.13/site-packages/ipykernel/kernelapp.py", line 21, in <module>
    from IPython.core.application import (  # type:ignore[attr-defined]
    ...<4 lines>...
    )
  File "/scratchm/sollivie/spectral-diff/.pixi/envs/default/lib/python3.13/site-packages/IPython/__init__.py", line 57, in <module>
    from .terminal.embed import embed
  File "/scratchm/sollivie/spectral-diff/.pixi/envs/default/lib/python3.13/site-packages/IPython/terminal/embed.py", line 15, in <module>
    from IPython.core.interactiveshell import InteractiveShell, make_main_module_type
  File "/scratchm/sollivie/spectral-diff/.pixi/envs/default/lib/python3.13/site-packages/IPython/core/interactiveshell.py", line 70, in <module>
    from IPython.core.displayhook import DisplayHook
  File "/scratchm/sollivie/spectral-diff/.pixi/envs/default/lib/python3.13/site-packages/IPython/core/displayhook.py", line 19, in <module>
    from .history import HistoryOutput
  File "/scratchm/sollivie/spectral-diff/.pixi/envs/default/lib/python3.13/site-packages/IPython/core/history.py", line 20, in <module>
    from decorator import decorator
ModuleNotFoundError: No module named 'decorator'
[I 2025-12-09 13:37:17.061 ServerApp] AsyncIOLoopKernelRestarter: restarting kernel (3/5), new random ports
Traceback (most recent call last):
  File "<frozen runpy>", line 198, in _run_module_as_main
  File "<frozen runpy>", line 88, in _run_code
  File "/scratchm/sollivie/spectral-diff/.pixi/envs/default/lib/python3.13/site-packages/ipykernel_launcher.py", line 16, in <module>
    from ipykernel import kernelapp as app
  File "/scratchm/sollivie/spectral-diff/.pixi/envs/default/lib/python3.13/site-packages/ipykernel/kernelapp.py", line 21, in <module>
    from IPython.core.application import (  # type:ignore[attr-defined]
    ...<4 lines>...
    )
  File "/scratchm/sollivie/spectral-diff/.pixi/envs/default/lib/python3.13/site-packages/IPython/__init__.py", line 57, in <module>
    from .terminal.embed import embed
  File "/scratchm/sollivie/spectral-diff/.pixi/envs/default/lib/python3.13/site-packages/IPython/terminal/embed.py", line 15, in <module>
    from IPython.core.interactiveshell import InteractiveShell, make_main_module_type
  File "/scratchm/sollivie/spectral-diff/.pixi/envs/default/lib/python3.13/site-packages/IPython/core/interactiveshell.py", line 70, in <module>
    from IPython.core.displayhook import DisplayHook
  File "/scratchm/sollivie/spectral-diff/.pixi/envs/default/lib/python3.13/site-packages/IPython/core/displayhook.py", line 19, in <module>
    from .history import HistoryOutput
  File "/scratchm/sollivie/spectral-diff/.pixi/envs/default/lib/python3.13/site-packages/IPython/core/history.py", line 20, in <module>
    from decorator import decorator
ModuleNotFoundError: No module named 'decorator'
[I 2025-12-09 13:37:20.076 ServerApp] AsyncIOLoopKernelRestarter: restarting kernel (4/5), new random ports
Traceback (most recent call last):
  File "<frozen runpy>", line 198, in _run_module_as_main
  File "<frozen runpy>", line 88, in _run_code
  File "/scratchm/sollivie/spectral-diff/.pixi/envs/default/lib/python3.13/site-packages/ipykernel_launcher.py", line 16, in <module>
    from ipykernel import kernelapp as app
  File "/scratchm/sollivie/spectral-diff/.pixi/envs/default/lib/python3.13/site-packages/ipykernel/kernelapp.py", line 21, in <module>
    from IPython.core.application import (  # type:ignore[attr-defined]
    ...<4 lines>...
    )
  File "/scratchm/sollivie/spectral-diff/.pixi/envs/default/lib/python3.13/site-packages/IPython/__init__.py", line 57, in <module>
    from .terminal.embed import embed
  File "/scratchm/sollivie/spectral-diff/.pixi/envs/default/lib/python3.13/site-packages/IPython/terminal/embed.py", line 15, in <module>
    from IPython.core.interactiveshell import InteractiveShell, make_main_module_type
  File "/scratchm/sollivie/spectral-diff/.pixi/envs/default/lib/python3.13/site-packages/IPython/core/interactiveshell.py", line 70, in <module>
    from IPython.core.displayhook import DisplayHook
  File "/scratchm/sollivie/spectral-diff/.pixi/envs/default/lib/python3.13/site-packages/IPython/core/displayhook.py", line 19, in <module>
    from .history import HistoryOutput
  File "/scratchm/sollivie/spectral-diff/.pixi/envs/default/lib/python3.13/site-packages/IPython/core/history.py", line 20, in <module>
    from decorator import decorator
ModuleNotFoundError: No module named 'decorator'
[I 2025-12-09 13:37:23.092 ServerApp] AsyncIOLoopKernelRestarter: restarting kernel (5/5), new random ports
Traceback (most recent call last):
  File "<frozen runpy>", line 198, in _run_module_as_main
  File "<frozen runpy>", line 88, in _run_code
  File "/scratchm/sollivie/spectral-diff/.pixi/envs/default/lib/python3.13/site-packages/ipykernel_launcher.py", line 16, in <module>
    from ipykernel import kernelapp as app
  File "/scratchm/sollivie/spectral-diff/.pixi/envs/default/lib/python3.13/site-packages/ipykernel/kernelapp.py", line 21, in <module>
    from IPython.core.application import (  # type:ignore[attr-defined]
    ...<4 lines>...
    )
  File "/scratchm/sollivie/spectral-diff/.pixi/envs/default/lib/python3.13/site-packages/IPython/__init__.py", line 57, in <module>
    from .terminal.embed import embed
  File "/scratchm/sollivie/spectral-diff/.pixi/envs/default/lib/python3.13/site-packages/IPython/terminal/embed.py", line 15, in <module>
    from IPython.core.interactiveshell import InteractiveShell, make_main_module_type
  File "/scratchm/sollivie/spectral-diff/.pixi/envs/default/lib/python3.13/site-packages/IPython/core/interactiveshell.py", line 70, in <module>
    from IPython.core.displayhook import DisplayHook
  File "/scratchm/sollivie/spectral-diff/.pixi/envs/default/lib/python3.13/site-packages/IPython/core/displayhook.py", line 19, in <module>
    from .history import HistoryOutput
  File "/scratchm/sollivie/spectral-diff/.pixi/envs/default/lib/python3.13/site-packages/IPython/core/history.py", line 20, in <module>
    from decorator import decorator
ModuleNotFoundError: No module named 'decorator'
[W 2025-12-09 13:37:26.109 ServerApp] AsyncIOLoopKernelRestarter: restart failed
[W 2025-12-09 13:37:26.109 ServerApp] Kernel eb08c93c-5288-4542-8297-2ed3fe5b3aa0 died, removing from map.
[I 2025-12-09 13:37:30.092 ServerApp] 302 GET / (@10.33.240.8) 0.51ms
[W 2025-12-09 13:37:30.093 ServerApp] wrote error: 'Forbidden'
    Traceback (most recent call last):
      File "/scratchm/sollivie/spectral-diff/.pixi/envs/default/lib/python3.13/site-packages/tornado/web.py", line 1846, in _execute
        result = method(*self.path_args, **self.path_kwargs)
      File "/scratchm/sollivie/spectral-diff/.pixi/envs/default/lib/python3.13/site-packages/tornado/web.py", line 3363, in wrapper
        url = self.get_login_url()
      File "/scratchm/sollivie/spectral-diff/.pixi/envs/default/lib/python3.13/site-packages/jupyter_server/base/handlers.py", line 786, in get_login_url
        raise web.HTTPError(403)
    tornado.web.HTTPError: HTTP 403: Forbidden
[W 2025-12-09 13:37:30.096 ServerApp] 403 GET /api/kernelspecs?1765283850065 (@10.33.240.8) 3.38ms referer=None
[W 2025-12-09 13:37:30.096 ServerApp] wrote error: 'Forbidden'
    Traceback (most recent call last):
      File "/scratchm/sollivie/spectral-diff/.pixi/envs/default/lib/python3.13/site-packages/tornado/web.py", line 1846, in _execute
        result = method(*self.path_args, **self.path_kwargs)
      File "/scratchm/sollivie/spectral-diff/.pixi/envs/default/lib/python3.13/site-packages/tornado/web.py", line 3363, in wrapper
        url = self.get_login_url()
      File "/scratchm/sollivie/spectral-diff/.pixi/envs/default/lib/python3.13/site-packages/jupyter_server/base/handlers.py", line 786, in get_login_url
        raise web.HTTPError(403)
    tornado.web.HTTPError: HTTP 403: Forbidden
[W 2025-12-09 13:37:30.097 ServerApp] 403 GET /api/kernels?1765283850065 (@10.33.240.8) 0.82ms referer=None
[W 2025-12-09 13:37:30.112 ServerApp] wrote error: 'Forbidden'
    Traceback (most recent call last):
      File "/scratchm/sollivie/spectral-diff/.pixi/envs/default/lib/python3.13/site-packages/tornado/web.py", line 1846, in _execute
        result = method(*self.path_args, **self.path_kwargs)
      File "/scratchm/sollivie/spectral-diff/.pixi/envs/default/lib/python3.13/site-packages/tornado/web.py", line 3363, in wrapper
        url = self.get_login_url()
      File "/scratchm/sollivie/spectral-diff/.pixi/envs/default/lib/python3.13/site-packages/jupyter_server/base/handlers.py", line 786, in get_login_url
        raise web.HTTPError(403)
    tornado.web.HTTPError: HTTP 403: Forbidden
[W 2025-12-09 13:37:30.113 ServerApp] 403 GET /api/kernels?1765283850070 (@10.33.240.8) 1.09ms referer=None
[W 2025-12-09 13:37:30.113 ServerApp] wrote error: 'Forbidden'
    Traceback (most recent call last):
      File "/scratchm/sollivie/spectral-diff/.pixi/envs/default/lib/python3.13/site-packages/tornado/web.py", line 1846, in _execute
        result = method(*self.path_args, **self.path_kwargs)
      File "/scratchm/sollivie/spectral-diff/.pixi/envs/default/lib/python3.13/site-packages/tornado/web.py", line 3363, in wrapper
        url = self.get_login_url()
      File "/scratchm/sollivie/spectral-diff/.pixi/envs/default/lib/python3.13/site-packages/jupyter_server/base/handlers.py", line 786, in get_login_url
        raise web.HTTPError(403)
    tornado.web.HTTPError: HTTP 403: Forbidden
[W 2025-12-09 13:37:30.114 ServerApp] 403 GET /api/sessions?1765283850071 (@10.33.240.8) 1.93ms referer=None
[I 2025-12-09 13:37:30.127 JupyterNotebookApp] 302 GET /tree? (@10.33.240.8) 0.26ms
[W 2025-12-09 13:37:30.131 ServerApp] wrote error: 'Forbidden'
    Traceback (most recent call last):
      File "/scratchm/sollivie/spectral-diff/.pixi/envs/default/lib/python3.13/site-packages/tornado/web.py", line 1846, in _execute
        result = method(*self.path_args, **self.path_kwargs)
      File "/scratchm/sollivie/spectral-diff/.pixi/envs/default/lib/python3.13/site-packages/tornado/web.py", line 3363, in wrapper
        url = self.get_login_url()
      File "/scratchm/sollivie/spectral-diff/.pixi/envs/default/lib/python3.13/site-packages/jupyter_server/base/handlers.py", line 786, in get_login_url
        raise web.HTTPError(403)
    tornado.web.HTTPError: HTTP 403: Forbidden
[W 2025-12-09 13:37:30.132 ServerApp] 403 GET /api/kernelspecs?1765283850108 (@10.33.240.8) 0.75ms referer=None
[I 2025-12-09 13:37:30.157 ServerApp] 302 GET / (@10.33.240.8) 0.54ms
[W 2025-12-09 13:37:30.175 ServerApp] wrote error: 'Forbidden'
    Traceback (most recent call last):
      File "/scratchm/sollivie/spectral-diff/.pixi/envs/default/lib/python3.13/site-packages/tornado/web.py", line 1846, in _execute
        result = method(*self.path_args, **self.path_kwargs)
      File "/scratchm/sollivie/spectral-diff/.pixi/envs/default/lib/python3.13/site-packages/tornado/web.py", line 3363, in wrapper
        url = self.get_login_url()
      File "/scratchm/sollivie/spectral-diff/.pixi/envs/default/lib/python3.13/site-packages/jupyter_server/base/handlers.py", line 786, in get_login_url
        raise web.HTTPError(403)
    tornado.web.HTTPError: HTTP 403: Forbidden
[W 2025-12-09 13:37:30.175 ServerApp] 403 GET /api/kernelspecs?1765283850171 (@10.33.240.8) 1.06ms referer=None
[I 2025-12-09 13:37:30.183 JupyterNotebookApp] 302 GET /tree? (@10.33.240.8) 0.24ms
[W 2025-12-09 13:37:30.184 ServerApp] wrote error: 'Forbidden'
    Traceback (most recent call last):
      File "/scratchm/sollivie/spectral-diff/.pixi/envs/default/lib/python3.13/site-packages/tornado/web.py", line 1846, in _execute
        result = method(*self.path_args, **self.path_kwargs)
      File "/scratchm/sollivie/spectral-diff/.pixi/envs/default/lib/python3.13/site-packages/tornado/web.py", line 3363, in wrapper
        url = self.get_login_url()
      File "/scratchm/sollivie/spectral-diff/.pixi/envs/default/lib/python3.13/site-packages/jupyter_server/base/handlers.py", line 786, in get_login_url
        raise web.HTTPError(403)
    tornado.web.HTTPError: HTTP 403: Forbidden
[W 2025-12-09 13:37:30.184 ServerApp] 403 GET /api/kernels?1765283850172 (@10.33.240.8) 0.75ms referer=None
[W 2025-12-09 13:37:30.185 ServerApp] wrote error: 'Forbidden'
    Traceback (most recent call last):
      File "/scratchm/sollivie/spectral-diff/.pixi/envs/default/lib/python3.13/site-packages/tornado/web.py", line 1846, in _execute
        result = method(*self.path_args, **self.path_kwargs)
      File "/scratchm/sollivie/spectral-diff/.pixi/envs/default/lib/python3.13/site-packages/tornado/web.py", line 3363, in wrapper
        url = self.get_login_url()
      File "/scratchm/sollivie/spectral-diff/.pixi/envs/default/lib/python3.13/site-packages/jupyter_server/base/handlers.py", line 786, in get_login_url
        raise web.HTTPError(403)
    tornado.web.HTTPError: HTTP 403: Forbidden
[W 2025-12-09 13:37:30.185 ServerApp] 403 GET /api/kernels?1765283850177 (@10.33.240.8) 0.90ms referer=None
[W 2025-12-09 13:37:30.185 ServerApp] wrote error: 'Forbidden'
    Traceback (most recent call last):
      File "/scratchm/sollivie/spectral-diff/.pixi/envs/default/lib/python3.13/site-packages/tornado/web.py", line 1846, in _execute
        result = method(*self.path_args, **self.path_kwargs)
      File "/scratchm/sollivie/spectral-diff/.pixi/envs/default/lib/python3.13/site-packages/tornado/web.py", line 3363, in wrapper
        url = self.get_login_url()
      File "/scratchm/sollivie/spectral-diff/.pixi/envs/default/lib/python3.13/site-packages/jupyter_server/base/handlers.py", line 786, in get_login_url
        raise web.HTTPError(403)
    tornado.web.HTTPError: HTTP 403: Forbidden
[W 2025-12-09 13:37:30.186 ServerApp] 403 GET /api/sessions?1765283850178 (@10.33.240.8) 1.47ms referer=None
[W 2025-12-09 13:37:30.190 ServerApp] wrote error: 'Forbidden'
    Traceback (most recent call last):
      File "/scratchm/sollivie/spectral-diff/.pixi/envs/default/lib/python3.13/site-packages/tornado/web.py", line 1846, in _execute
        result = method(*self.path_args, **self.path_kwargs)
      File "/scratchm/sollivie/spectral-diff/.pixi/envs/default/lib/python3.13/site-packages/tornado/web.py", line 3363, in wrapper
        url = self.get_login_url()
      File "/scratchm/sollivie/spectral-diff/.pixi/envs/default/lib/python3.13/site-packages/jupyter_server/base/handlers.py", line 786, in get_login_url
        raise web.HTTPError(403)
    tornado.web.HTTPError: HTTP 403: Forbidden
[W 2025-12-09 13:37:30.191 ServerApp] 403 GET /api/kernelspecs?1765283850183 (@10.33.240.8) 1.07ms referer=None
[I 2025-12-09 13:37:30.192 ServerApp] 302 GET / (@10.33.240.8) 0.64ms
[I 2025-12-09 13:37:30.199 JupyterNotebookApp] 302 GET /tree? (@10.33.240.8) 0.25ms
[W 2025-12-09 13:37:30.200 ServerApp] wrote error: 'Forbidden'
    Traceback (most recent call last):
      File "/scratchm/sollivie/spectral-diff/.pixi/envs/default/lib/python3.13/site-packages/tornado/web.py", line 1846, in _execute
        result = method(*self.path_args, **self.path_kwargs)
      File "/scratchm/sollivie/spectral-diff/.pixi/envs/default/lib/python3.13/site-packages/tornado/web.py", line 3363, in wrapper
        url = self.get_login_url()
      File "/scratchm/sollivie/spectral-diff/.pixi/envs/default/lib/python3.13/site-packages/jupyter_server/base/handlers.py", line 786, in get_login_url
        raise web.HTTPError(403)
    tornado.web.HTTPError: HTTP 403: Forbidden
[W 2025-12-09 13:37:30.201 ServerApp] 403 GET /api/kernelspecs?1765283850192 (@10.33.240.8) 1.02ms referer=None
[W 2025-12-09 13:37:30.201 ServerApp] wrote error: 'Forbidden'
    Traceback (most recent call last):
      File "/scratchm/sollivie/spectral-diff/.pixi/envs/default/lib/python3.13/site-packages/tornado/web.py", line 1846, in _execute
        result = method(*self.path_args, **self.path_kwargs)
      File "/scratchm/sollivie/spectral-diff/.pixi/envs/default/lib/python3.13/site-packages/tornado/web.py", line 3363, in wrapper
        url = self.get_login_url()
      File "/scratchm/sollivie/spectral-diff/.pixi/envs/default/lib/python3.13/site-packages/jupyter_server/base/handlers.py", line 786, in get_login_url
        raise web.HTTPError(403)
    tornado.web.HTTPError: HTTP 403: Forbidden
[W 2025-12-09 13:37:30.207 ServerApp] 403 GET /api/kernels?1765283850193 (@10.33.240.8) 7.20ms referer=None
[W 2025-12-09 13:37:30.209 ServerApp] wrote error: 'Forbidden'
    Traceback (most recent call last):
      File "/scratchm/sollivie/spectral-diff/.pixi/envs/default/lib/python3.13/site-packages/tornado/web.py", line 1846, in _execute
        result = method(*self.path_args, **self.path_kwargs)
      File "/scratchm/sollivie/spectral-diff/.pixi/envs/default/lib/python3.13/site-packages/tornado/web.py", line 3363, in wrapper
        url = self.get_login_url()
      File "/scratchm/sollivie/spectral-diff/.pixi/envs/default/lib/python3.13/site-packages/jupyter_server/base/handlers.py", line 786, in get_login_url
        raise web.HTTPError(403)
    tornado.web.HTTPError: HTTP 403: Forbidden
[W 2025-12-09 13:37:30.209 ServerApp] 403 GET /api/kernels?1765283850194 (@10.33.240.8) 9.59ms referer=None
[W 2025-12-09 13:37:30.214 ServerApp] wrote error: 'Forbidden'
    Traceback (most recent call last):
      File "/scratchm/sollivie/spectral-diff/.pixi/envs/default/lib/python3.13/site-packages/tornado/web.py", line 1846, in _execute
        result = method(*self.path_args, **self.path_kwargs)
      File "/scratchm/sollivie/spectral-diff/.pixi/envs/default/lib/python3.13/site-packages/tornado/web.py", line 3363, in wrapper
        url = self.get_login_url()
      File "/scratchm/sollivie/spectral-diff/.pixi/envs/default/lib/python3.13/site-packages/jupyter_server/base/handlers.py", line 786, in get_login_url
        raise web.HTTPError(403)
    tornado.web.HTTPError: HTTP 403: Forbidden
[W 2025-12-09 13:37:30.214 ServerApp] 403 GET /api/kernelspecs?1765283850201 (@10.33.240.8) 2.54ms referer=None
[W 2025-12-09 13:37:30.215 ServerApp] wrote error: 'Forbidden'
    Traceback (most recent call last):
      File "/scratchm/sollivie/spectral-diff/.pixi/envs/default/lib/python3.13/site-packages/tornado/web.py", line 1846, in _execute
        result = method(*self.path_args, **self.path_kwargs)
      File "/scratchm/sollivie/spectral-diff/.pixi/envs/default/lib/python3.13/site-packages/tornado/web.py", line 3363, in wrapper
        url = self.get_login_url()
      File "/scratchm/sollivie/spectral-diff/.pixi/envs/default/lib/python3.13/site-packages/jupyter_server/base/handlers.py", line 786, in get_login_url
        raise web.HTTPError(403)
    tornado.web.HTTPError: HTTP 403: Forbidden
[W 2025-12-09 13:37:30.215 ServerApp] 403 GET /api/sessions?1765283850196 (@10.33.240.8) 3.07ms referer=None
[W 2025-12-09 13:37:30.217 ServerApp] wrote error: 'Forbidden'
    Traceback (most recent call last):
      File "/scratchm/sollivie/spectral-diff/.pixi/envs/default/lib/python3.13/site-packages/tornado/web.py", line 1846, in _execute
        result = method(*self.path_args, **self.path_kwargs)
      File "/scratchm/sollivie/spectral-diff/.pixi/envs/default/lib/python3.13/site-packages/tornado/web.py", line 3363, in wrapper
        url = self.get_login_url()
      File "/scratchm/sollivie/spectral-diff/.pixi/envs/default/lib/python3.13/site-packages/jupyter_server/base/handlers.py", line 786, in get_login_url
        raise web.HTTPError(403)
    tornado.web.HTTPError: HTTP 403: Forbidden
[W 2025-12-09 13:37:30.217 ServerApp] 403 GET /api/kernelspecs?1765283850214 (@10.33.240.8) 0.75ms referer=None
[W 2025-12-09 13:37:30.223 ServerApp] wrote error: 'Forbidden'
    Traceback (most recent call last):
      File "/scratchm/sollivie/spectral-diff/.pixi/envs/default/lib/python3.13/site-packages/tornado/web.py", line 1846, in _execute
        result = method(*self.path_args, **self.path_kwargs)
      File "/scratchm/sollivie/spectral-diff/.pixi/envs/default/lib/python3.13/site-packages/tornado/web.py", line 3363, in wrapper
        url = self.get_login_url()
      File "/scratchm/sollivie/spectral-diff/.pixi/envs/default/lib/python3.13/site-packages/jupyter_server/base/handlers.py", line 786, in get_login_url
        raise web.HTTPError(403)
    tornado.web.HTTPError: HTTP 403: Forbidden
[W 2025-12-09 13:37:30.223 ServerApp] 403 GET /api/kernels?1765283850215 (@10.33.240.8) 0.96ms referer=None
[W 2025-12-09 13:37:30.224 ServerApp] wrote error: 'Forbidden'
    Traceback (most recent call last):
      File "/scratchm/sollivie/spectral-diff/.pixi/envs/default/lib/python3.13/site-packages/tornado/web.py", line 1846, in _execute
        result = method(*self.path_args, **self.path_kwargs)
      File "/scratchm/sollivie/spectral-diff/.pixi/envs/default/lib/python3.13/site-packages/tornado/web.py", line 3363, in wrapper
        url = self.get_login_url()
      File "/scratchm/sollivie/spectral-diff/.pixi/envs/default/lib/python3.13/site-packages/jupyter_server/base/handlers.py", line 786, in get_login_url
        raise web.HTTPError(403)
    tornado.web.HTTPError: HTTP 403: Forbidden
[W 2025-12-09 13:37:30.224 ServerApp] 403 GET /api/kernels?1765283850216 (@10.33.240.8) 1.09ms referer=None
[W 2025-12-09 13:37:30.225 ServerApp] wrote error: 'Forbidden'
    Traceback (most recent call last):
      File "/scratchm/sollivie/spectral-diff/.pixi/envs/default/lib/python3.13/site-packages/tornado/web.py", line 1846, in _execute
        result = method(*self.path_args, **self.path_kwargs)
      File "/scratchm/sollivie/spectral-diff/.pixi/envs/default/lib/python3.13/site-packages/tornado/web.py", line 3363, in wrapper
        url = self.get_login_url()
      File "/scratchm/sollivie/spectral-diff/.pixi/envs/default/lib/python3.13/site-packages/jupyter_server/base/handlers.py", line 786, in get_login_url
        raise web.HTTPError(403)
    tornado.web.HTTPError: HTTP 403: Forbidden
[W 2025-12-09 13:37:30.225 ServerApp] 403 GET /api/sessions?1765283850217 (@10.33.240.8) 1.65ms referer=None
[W 2025-12-09 13:37:30.225 ServerApp] wrote error: 'Forbidden'
    Traceback (most recent call last):
      File "/scratchm/sollivie/spectral-diff/.pixi/envs/default/lib/python3.13/site-packages/tornado/web.py", line 1846, in _execute
        result = method(*self.path_args, **self.path_kwargs)
      File "/scratchm/sollivie/spectral-diff/.pixi/envs/default/lib/python3.13/site-packages/tornado/web.py", line 3363, in wrapper
        url = self.get_login_url()
      File "/scratchm/sollivie/spectral-diff/.pixi/envs/default/lib/python3.13/site-packages/jupyter_server/base/handlers.py", line 786, in get_login_url
        raise web.HTTPError(403)
    tornado.web.HTTPError: HTTP 403: Forbidden
[W 2025-12-09 13:37:30.226 ServerApp] 403 GET /api/kernelspecs?1765283850221 (@10.33.240.8) 2.16ms referer=None
[W 2025-12-09 13:38:08.085 ServerApp] Timeout waiting for kernel_info reply from eb08c93c-5288-4542-8297-2ed3fe5b3aa0
[E 2025-12-09 13:38:08.086 ServerApp] Uncaught exception GET /api/kernels/eb08c93c-5288-4542-8297-2ed3fe5b3aa0/channels?session_id=74e3239a-60ff-4dfe-9a44-f0637b5caef0&token=f6c4431f4a66c7303564800b915dc38c999dac7531b62613 (10.33.240.8)
    HTTPServerRequest(protocol='http', host='spiro-n211-clu:8888', method='GET', uri='/api/kernels/eb08c93c-5288-4542-8297-2ed3fe5b3aa0/channels?session_id=74e3239a-60ff-4dfe-9a44-f0637b5caef0&token=f6c4431f4a66c7303564800b915dc38c999dac7531b62613', version='HTTP/1.1', remote_ip='10.33.240.8')
    Traceback (most recent call last):
      File "/scratchm/sollivie/spectral-diff/.pixi/envs/default/lib/python3.13/site-packages/tornado/web.py", line 1848, in _execute
        result = await result
                 ^^^^^^^^^^^^
      File "/scratchm/sollivie/spectral-diff/.pixi/envs/default/lib/python3.13/site-packages/jupyter_server/services/kernels/websocket.py", line 66, in get
        await super().get(kernel_id=kernel_id)
      File "/scratchm/sollivie/spectral-diff/.pixi/envs/default/lib/python3.13/site-packages/tornado/websocket.py", line 277, in get
        await self.ws_connection.accept_connection(self)
      File "/scratchm/sollivie/spectral-diff/.pixi/envs/default/lib/python3.13/site-packages/tornado/websocket.py", line 890, in accept_connection
        await self._accept_connection(handler)
      File "/scratchm/sollivie/spectral-diff/.pixi/envs/default/lib/python3.13/site-packages/tornado/websocket.py", line 930, in _accept_connection
        self.selected_subprotocol = handler.select_subprotocol(subprotocols)
                                    ~~~~~~~~~~~~~~~~~~~~~~~~~~^^^^^^^^^^^^^^
      File "/scratchm/sollivie/spectral-diff/.pixi/envs/default/lib/python3.13/site-packages/jupyter_server/services/kernels/websocket.py", line 88, in select_subprotocol
        preferred_protocol = self.connection.kernel_ws_protocol
                             ^^^^^^^^^^^^^^^^^^^^^^^^^^^^^^^^^^
    AttributeError: 'NoneType' object has no attribute 'kernel_ws_protocol'
[E 2025-12-09 13:38:08.096 ServerApp] {
      "Host": "spiro-n211-clu:8888"
    }
[E 2025-12-09 13:38:08.096 ServerApp] 500 GET /api/kernels/eb08c93c-5288-4542-8297-2ed3fe5b3aa0/channels?session_id=74e3239a-60ff-4dfe-9a44-f0637b5caef0&token=[secret] (4130fd470744416bb9f19b926883ad55@10.33.240.8) 60051.17ms referer=None
[I 2025-12-09 13:39:41.574 ServerApp] 302 GET / (@10.33.240.8) 0.27ms
[I 2025-12-09 13:39:41.577 JupyterNotebookApp] 302 GET /tree? (@10.33.240.8) 0.43ms
[I 2025-12-09 13:39:42.118 ServerApp] 302 GET / (@10.33.240.8) 0.22ms
[I 2025-12-09 13:39:42.121 JupyterNotebookApp] 302 GET /tree? (@10.33.240.8) 0.43ms
[I 2025-12-09 13:39:42.893 ServerApp] 302 GET / (@10.33.240.8) 0.18ms
[I 2025-12-09 13:39:42.896 JupyterNotebookApp] 302 GET /tree? (@10.33.240.8) 0.60ms
[I 2025-12-09 13:39:42.951 ServerApp] Kernel started: 8c2b2ad7-b7c8-4272-ac2b-a6382a1c2d91
Traceback (most recent call last):
  File "<frozen runpy>", line 198, in _run_module_as_main
  File "<frozen runpy>", line 88, in _run_code
  File "/scratchm/sollivie/spectral-diff/.pixi/envs/default/lib/python3.13/site-packages/ipykernel_launcher.py", line 16, in <module>
    from ipykernel import kernelapp as app
  File "/scratchm/sollivie/spectral-diff/.pixi/envs/default/lib/python3.13/site-packages/ipykernel/kernelapp.py", line 21, in <module>
    from IPython.core.application import (  # type:ignore[attr-defined]
    ...<4 lines>...
    )
  File "/scratchm/sollivie/spectral-diff/.pixi/envs/default/lib/python3.13/site-packages/IPython/__init__.py", line 57, in <module>
    from .terminal.embed import embed
  File "/scratchm/sollivie/spectral-diff/.pixi/envs/default/lib/python3.13/site-packages/IPython/terminal/embed.py", line 15, in <module>
    from IPython.core.interactiveshell import InteractiveShell, make_main_module_type
  File "/scratchm/sollivie/spectral-diff/.pixi/envs/default/lib/python3.13/site-packages/IPython/core/interactiveshell.py", line 70, in <module>
    from IPython.core.displayhook import DisplayHook
  File "/scratchm/sollivie/spectral-diff/.pixi/envs/default/lib/python3.13/site-packages/IPython/core/displayhook.py", line 19, in <module>
    from .history import HistoryOutput
  File "/scratchm/sollivie/spectral-diff/.pixi/envs/default/lib/python3.13/site-packages/IPython/core/history.py", line 20, in <module>
    from decorator import decorator
ModuleNotFoundError: No module named 'decorator'
[I 2025-12-09 13:39:45.940 ServerApp] AsyncIOLoopKernelRestarter: restarting kernel (1/5), new random ports
Traceback (most recent call last):
  File "<frozen runpy>", line 198, in _run_module_as_main
  File "<frozen runpy>", line 88, in _run_code
  File "/scratchm/sollivie/spectral-diff/.pixi/envs/default/lib/python3.13/site-packages/ipykernel_launcher.py", line 16, in <module>
    from ipykernel import kernelapp as app
  File "/scratchm/sollivie/spectral-diff/.pixi/envs/default/lib/python3.13/site-packages/ipykernel/kernelapp.py", line 21, in <module>
    from IPython.core.application import (  # type:ignore[attr-defined]
    ...<4 lines>...
    )
  File "/scratchm/sollivie/spectral-diff/.pixi/envs/default/lib/python3.13/site-packages/IPython/__init__.py", line 57, in <module>
    from .terminal.embed import embed
  File "/scratchm/sollivie/spectral-diff/.pixi/envs/default/lib/python3.13/site-packages/IPython/terminal/embed.py", line 15, in <module>
    from IPython.core.interactiveshell import InteractiveShell, make_main_module_type
  File "/scratchm/sollivie/spectral-diff/.pixi/envs/default/lib/python3.13/site-packages/IPython/core/interactiveshell.py", line 70, in <module>
    from IPython.core.displayhook import DisplayHook
  File "/scratchm/sollivie/spectral-diff/.pixi/envs/default/lib/python3.13/site-packages/IPython/core/displayhook.py", line 19, in <module>
    from .history import HistoryOutput
  File "/scratchm/sollivie/spectral-diff/.pixi/envs/default/lib/python3.13/site-packages/IPython/core/history.py", line 20, in <module>
    from decorator import decorator
ModuleNotFoundError: No module named 'decorator'
[I 2025-12-09 13:39:48.956 ServerApp] AsyncIOLoopKernelRestarter: restarting kernel (2/5), new random ports
Traceback (most recent call last):
  File "<frozen runpy>", line 198, in _run_module_as_main
  File "<frozen runpy>", line 88, in _run_code
  File "/scratchm/sollivie/spectral-diff/.pixi/envs/default/lib/python3.13/site-packages/ipykernel_launcher.py", line 16, in <module>
    from ipykernel import kernelapp as app
  File "/scratchm/sollivie/spectral-diff/.pixi/envs/default/lib/python3.13/site-packages/ipykernel/kernelapp.py", line 21, in <module>
    from IPython.core.application import (  # type:ignore[attr-defined]
    ...<4 lines>...
    )
  File "/scratchm/sollivie/spectral-diff/.pixi/envs/default/lib/python3.13/site-packages/IPython/__init__.py", line 57, in <module>
    from .terminal.embed import embed
  File "/scratchm/sollivie/spectral-diff/.pixi/envs/default/lib/python3.13/site-packages/IPython/terminal/embed.py", line 15, in <module>
    from IPython.core.interactiveshell import InteractiveShell, make_main_module_type
  File "/scratchm/sollivie/spectral-diff/.pixi/envs/default/lib/python3.13/site-packages/IPython/core/interactiveshell.py", line 70, in <module>
    from IPython.core.displayhook import DisplayHook
  File "/scratchm/sollivie/spectral-diff/.pixi/envs/default/lib/python3.13/site-packages/IPython/core/displayhook.py", line 19, in <module>
    from .history import HistoryOutput
  File "/scratchm/sollivie/spectral-diff/.pixi/envs/default/lib/python3.13/site-packages/IPython/core/history.py", line 20, in <module>
    from decorator import decorator
ModuleNotFoundError: No module named 'decorator'
[I 2025-12-09 13:39:51.972 ServerApp] AsyncIOLoopKernelRestarter: restarting kernel (3/5), new random ports
Traceback (most recent call last):
  File "<frozen runpy>", line 198, in _run_module_as_main
  File "<frozen runpy>", line 88, in _run_code
  File "/scratchm/sollivie/spectral-diff/.pixi/envs/default/lib/python3.13/site-packages/ipykernel_launcher.py", line 16, in <module>
    from ipykernel import kernelapp as app
  File "/scratchm/sollivie/spectral-diff/.pixi/envs/default/lib/python3.13/site-packages/ipykernel/kernelapp.py", line 21, in <module>
    from IPython.core.application import (  # type:ignore[attr-defined]
    ...<4 lines>...
    )
  File "/scratchm/sollivie/spectral-diff/.pixi/envs/default/lib/python3.13/site-packages/IPython/__init__.py", line 57, in <module>
    from .terminal.embed import embed
  File "/scratchm/sollivie/spectral-diff/.pixi/envs/default/lib/python3.13/site-packages/IPython/terminal/embed.py", line 15, in <module>
    from IPython.core.interactiveshell import InteractiveShell, make_main_module_type
  File "/scratchm/sollivie/spectral-diff/.pixi/envs/default/lib/python3.13/site-packages/IPython/core/interactiveshell.py", line 70, in <module>
    from IPython.core.displayhook import DisplayHook
  File "/scratchm/sollivie/spectral-diff/.pixi/envs/default/lib/python3.13/site-packages/IPython/core/displayhook.py", line 19, in <module>
    from .history import HistoryOutput
  File "/scratchm/sollivie/spectral-diff/.pixi/envs/default/lib/python3.13/site-packages/IPython/core/history.py", line 20, in <module>
    from decorator import decorator
ModuleNotFoundError: No module named 'decorator'
[I 2025-12-09 13:39:54.987 ServerApp] AsyncIOLoopKernelRestarter: restarting kernel (4/5), new random ports
Traceback (most recent call last):
  File "<frozen runpy>", line 198, in _run_module_as_main
  File "<frozen runpy>", line 88, in _run_code
  File "/scratchm/sollivie/spectral-diff/.pixi/envs/default/lib/python3.13/site-packages/ipykernel_launcher.py", line 16, in <module>
    from ipykernel import kernelapp as app
  File "/scratchm/sollivie/spectral-diff/.pixi/envs/default/lib/python3.13/site-packages/ipykernel/kernelapp.py", line 21, in <module>
    from IPython.core.application import (  # type:ignore[attr-defined]
    ...<4 lines>...
    )
  File "/scratchm/sollivie/spectral-diff/.pixi/envs/default/lib/python3.13/site-packages/IPython/__init__.py", line 57, in <module>
    from .terminal.embed import embed
  File "/scratchm/sollivie/spectral-diff/.pixi/envs/default/lib/python3.13/site-packages/IPython/terminal/embed.py", line 15, in <module>
    from IPython.core.interactiveshell import InteractiveShell, make_main_module_type
  File "/scratchm/sollivie/spectral-diff/.pixi/envs/default/lib/python3.13/site-packages/IPython/core/interactiveshell.py", line 70, in <module>
    from IPython.core.displayhook import DisplayHook
  File "/scratchm/sollivie/spectral-diff/.pixi/envs/default/lib/python3.13/site-packages/IPython/core/displayhook.py", line 19, in <module>
    from .history import HistoryOutput
  File "/scratchm/sollivie/spectral-diff/.pixi/envs/default/lib/python3.13/site-packages/IPython/core/history.py", line 20, in <module>
    from decorator import decorator
ModuleNotFoundError: No module named 'decorator'
[I 2025-12-09 13:39:58.004 ServerApp] AsyncIOLoopKernelRestarter: restarting kernel (5/5), new random ports
Traceback (most recent call last):
  File "<frozen runpy>", line 198, in _run_module_as_main
  File "<frozen runpy>", line 88, in _run_code
  File "/scratchm/sollivie/spectral-diff/.pixi/envs/default/lib/python3.13/site-packages/ipykernel_launcher.py", line 16, in <module>
    from ipykernel import kernelapp as app
  File "/scratchm/sollivie/spectral-diff/.pixi/envs/default/lib/python3.13/site-packages/ipykernel/kernelapp.py", line 21, in <module>
    from IPython.core.application import (  # type:ignore[attr-defined]
    ...<4 lines>...
    )
  File "/scratchm/sollivie/spectral-diff/.pixi/envs/default/lib/python3.13/site-packages/IPython/__init__.py", line 57, in <module>
    from .terminal.embed import embed
  File "/scratchm/sollivie/spectral-diff/.pixi/envs/default/lib/python3.13/site-packages/IPython/terminal/embed.py", line 15, in <module>
    from IPython.core.interactiveshell import InteractiveShell, make_main_module_type
  File "/scratchm/sollivie/spectral-diff/.pixi/envs/default/lib/python3.13/site-packages/IPython/core/interactiveshell.py", line 70, in <module>
    from IPython.core.displayhook import DisplayHook
  File "/scratchm/sollivie/spectral-diff/.pixi/envs/default/lib/python3.13/site-packages/IPython/core/displayhook.py", line 19, in <module>
    from .history import HistoryOutput
  File "/scratchm/sollivie/spectral-diff/.pixi/envs/default/lib/python3.13/site-packages/IPython/core/history.py", line 20, in <module>
    from decorator import decorator
ModuleNotFoundError: No module named 'decorator'
[W 2025-12-09 13:40:01.020 ServerApp] AsyncIOLoopKernelRestarter: restart failed
[W 2025-12-09 13:40:01.020 ServerApp] Kernel 8c2b2ad7-b7c8-4272-ac2b-a6382a1c2d91 died, removing from map.
[I 2025-12-09 13:40:05.001 ServerApp] 302 GET / (@10.33.240.8) 0.59ms
[I 2025-12-09 13:40:05.005 ServerApp] 302 GET / (@10.33.240.8) 4.34ms
[I 2025-12-09 13:40:05.034 JupyterNotebookApp] 302 GET /tree? (@10.33.240.8) 0.34ms
[I 2025-12-09 13:40:05.035 JupyterNotebookApp] 302 GET /tree? (@10.33.240.8) 0.23ms
[W 2025-12-09 13:40:05.088 ServerApp] wrote error: 'Forbidden'
    Traceback (most recent call last):
      File "/scratchm/sollivie/spectral-diff/.pixi/envs/default/lib/python3.13/site-packages/tornado/web.py", line 1846, in _execute
        result = method(*self.path_args, **self.path_kwargs)
      File "/scratchm/sollivie/spectral-diff/.pixi/envs/default/lib/python3.13/site-packages/tornado/web.py", line 3363, in wrapper
        url = self.get_login_url()
      File "/scratchm/sollivie/spectral-diff/.pixi/envs/default/lib/python3.13/site-packages/jupyter_server/base/handlers.py", line 786, in get_login_url
        raise web.HTTPError(403)
    tornado.web.HTTPError: HTTP 403: Forbidden
[W 2025-12-09 13:40:05.089 ServerApp] 403 GET /api/kernelspecs?1765284005085 (@10.33.240.8) 1.32ms referer=None
[W 2025-12-09 13:40:05.091 ServerApp] wrote error: 'Forbidden'
    Traceback (most recent call last):
      File "/scratchm/sollivie/spectral-diff/.pixi/envs/default/lib/python3.13/site-packages/tornado/web.py", line 1846, in _execute
        result = method(*self.path_args, **self.path_kwargs)
      File "/scratchm/sollivie/spectral-diff/.pixi/envs/default/lib/python3.13/site-packages/tornado/web.py", line 3363, in wrapper
        url = self.get_login_url()
      File "/scratchm/sollivie/spectral-diff/.pixi/envs/default/lib/python3.13/site-packages/jupyter_server/base/handlers.py", line 786, in get_login_url
        raise web.HTTPError(403)
    tornado.web.HTTPError: HTTP 403: Forbidden
[W 2025-12-09 13:40:05.092 ServerApp] 403 GET /api/kernelspecs?1765284005088 (@10.33.240.8) 1.21ms referer=None
[W 2025-12-09 13:40:05.097 ServerApp] wrote error: 'Forbidden'
    Traceback (most recent call last):
      File "/scratchm/sollivie/spectral-diff/.pixi/envs/default/lib/python3.13/site-packages/tornado/web.py", line 1846, in _execute
        result = method(*self.path_args, **self.path_kwargs)
      File "/scratchm/sollivie/spectral-diff/.pixi/envs/default/lib/python3.13/site-packages/tornado/web.py", line 3363, in wrapper
        url = self.get_login_url()
      File "/scratchm/sollivie/spectral-diff/.pixi/envs/default/lib/python3.13/site-packages/jupyter_server/base/handlers.py", line 786, in get_login_url
        raise web.HTTPError(403)
    tornado.web.HTTPError: HTTP 403: Forbidden
[W 2025-12-09 13:40:05.098 ServerApp] 403 GET /api/kernels?1765284005088 (@10.33.240.8) 0.78ms referer=None
[W 2025-12-09 13:40:05.098 ServerApp] wrote error: 'Forbidden'
    Traceback (most recent call last):
      File "/scratchm/sollivie/spectral-diff/.pixi/envs/default/lib/python3.13/site-packages/tornado/web.py", line 1846, in _execute
        result = method(*self.path_args, **self.path_kwargs)
      File "/scratchm/sollivie/spectral-diff/.pixi/envs/default/lib/python3.13/site-packages/tornado/web.py", line 3363, in wrapper
        url = self.get_login_url()
      File "/scratchm/sollivie/spectral-diff/.pixi/envs/default/lib/python3.13/site-packages/jupyter_server/base/handlers.py", line 786, in get_login_url
        raise web.HTTPError(403)
    tornado.web.HTTPError: HTTP 403: Forbidden
[W 2025-12-09 13:40:05.098 ServerApp] 403 GET /api/kernels?1765284005086 (@10.33.240.8) 0.76ms referer=None
[W 2025-12-09 13:40:05.099 ServerApp] wrote error: 'Forbidden'
    Traceback (most recent call last):
      File "/scratchm/sollivie/spectral-diff/.pixi/envs/default/lib/python3.13/site-packages/tornado/web.py", line 1846, in _execute
        result = method(*self.path_args, **self.path_kwargs)
      File "/scratchm/sollivie/spectral-diff/.pixi/envs/default/lib/python3.13/site-packages/tornado/web.py", line 3363, in wrapper
        url = self.get_login_url()
      File "/scratchm/sollivie/spectral-diff/.pixi/envs/default/lib/python3.13/site-packages/jupyter_server/base/handlers.py", line 786, in get_login_url
        raise web.HTTPError(403)
    tornado.web.HTTPError: HTTP 403: Forbidden
[W 2025-12-09 13:40:05.100 ServerApp] 403 GET /api/kernels?1765284005091 (@10.33.240.8) 0.91ms referer=None
[W 2025-12-09 13:40:05.100 ServerApp] wrote error: 'Forbidden'
    Traceback (most recent call last):
      File "/scratchm/sollivie/spectral-diff/.pixi/envs/default/lib/python3.13/site-packages/tornado/web.py", line 1846, in _execute
        result = method(*self.path_args, **self.path_kwargs)
      File "/scratchm/sollivie/spectral-diff/.pixi/envs/default/lib/python3.13/site-packages/tornado/web.py", line 3363, in wrapper
        url = self.get_login_url()
      File "/scratchm/sollivie/spectral-diff/.pixi/envs/default/lib/python3.13/site-packages/jupyter_server/base/handlers.py", line 786, in get_login_url
        raise web.HTTPError(403)
    tornado.web.HTTPError: HTTP 403: Forbidden
[W 2025-12-09 13:40:05.100 ServerApp] 403 GET /api/sessions?1765284005092 (@10.33.240.8) 1.46ms referer=None
[W 2025-12-09 13:40:05.101 ServerApp] wrote error: 'Forbidden'
    Traceback (most recent call last):
      File "/scratchm/sollivie/spectral-diff/.pixi/envs/default/lib/python3.13/site-packages/tornado/web.py", line 1846, in _execute
        result = method(*self.path_args, **self.path_kwargs)
      File "/scratchm/sollivie/spectral-diff/.pixi/envs/default/lib/python3.13/site-packages/tornado/web.py", line 3363, in wrapper
        url = self.get_login_url()
      File "/scratchm/sollivie/spectral-diff/.pixi/envs/default/lib/python3.13/site-packages/jupyter_server/base/handlers.py", line 786, in get_login_url
        raise web.HTTPError(403)
    tornado.web.HTTPError: HTTP 403: Forbidden
[W 2025-12-09 13:40:05.101 ServerApp] 403 GET /api/kernels?1765284005093 (@10.33.240.8) 0.79ms referer=None
[W 2025-12-09 13:40:05.102 ServerApp] wrote error: 'Forbidden'
    Traceback (most recent call last):
      File "/scratchm/sollivie/spectral-diff/.pixi/envs/default/lib/python3.13/site-packages/tornado/web.py", line 1846, in _execute
        result = method(*self.path_args, **self.path_kwargs)
      File "/scratchm/sollivie/spectral-diff/.pixi/envs/default/lib/python3.13/site-packages/tornado/web.py", line 3363, in wrapper
        url = self.get_login_url()
      File "/scratchm/sollivie/spectral-diff/.pixi/envs/default/lib/python3.13/site-packages/jupyter_server/base/handlers.py", line 786, in get_login_url
        raise web.HTTPError(403)
    tornado.web.HTTPError: HTTP 403: Forbidden
[W 2025-12-09 13:40:05.102 ServerApp] 403 GET /api/sessions?1765284005094 (@10.33.240.8) 0.74ms referer=None
[W 2025-12-09 13:40:05.104 ServerApp] wrote error: 'Forbidden'
    Traceback (most recent call last):
      File "/scratchm/sollivie/spectral-diff/.pixi/envs/default/lib/python3.13/site-packages/tornado/web.py", line 1846, in _execute
        result = method(*self.path_args, **self.path_kwargs)
      File "/scratchm/sollivie/spectral-diff/.pixi/envs/default/lib/python3.13/site-packages/tornado/web.py", line 3363, in wrapper
        url = self.get_login_url()
      File "/scratchm/sollivie/spectral-diff/.pixi/envs/default/lib/python3.13/site-packages/jupyter_server/base/handlers.py", line 786, in get_login_url
        raise web.HTTPError(403)
    tornado.web.HTTPError: HTTP 403: Forbidden
[W 2025-12-09 13:40:05.104 ServerApp] 403 GET /api/kernelspecs?1765284005097 (@10.33.240.8) 0.83ms referer=None
[W 2025-12-09 13:40:05.105 ServerApp] wrote error: 'Forbidden'
    Traceback (most recent call last):
      File "/scratchm/sollivie/spectral-diff/.pixi/envs/default/lib/python3.13/site-packages/tornado/web.py", line 1846, in _execute
        result = method(*self.path_args, **self.path_kwargs)
      File "/scratchm/sollivie/spectral-diff/.pixi/envs/default/lib/python3.13/site-packages/tornado/web.py", line 3363, in wrapper
        url = self.get_login_url()
      File "/scratchm/sollivie/spectral-diff/.pixi/envs/default/lib/python3.13/site-packages/jupyter_server/base/handlers.py", line 786, in get_login_url
        raise web.HTTPError(403)
    tornado.web.HTTPError: HTTP 403: Forbidden
[W 2025-12-09 13:40:05.106 ServerApp] 403 GET /api/kernelspecs?1765284005098 (@10.33.240.8) 0.79ms referer=None
[I 2025-12-09 13:40:05.107 ServerApp] 302 GET / (@10.33.240.8) 0.22ms
[I 2025-12-09 13:40:05.107 ServerApp] 302 GET / (@10.33.240.8) 0.17ms
[I 2025-12-09 13:40:05.110 JupyterNotebookApp] 302 GET /tree? (@10.33.240.8) 0.42ms
[I 2025-12-09 13:40:05.110 JupyterNotebookApp] 302 GET /tree? (@10.33.240.8) 0.41ms
[W 2025-12-09 13:40:05.117 ServerApp] wrote error: 'Forbidden'
    Traceback (most recent call last):
      File "/scratchm/sollivie/spectral-diff/.pixi/envs/default/lib/python3.13/site-packages/tornado/web.py", line 1846, in _execute
        result = method(*self.path_args, **self.path_kwargs)
      File "/scratchm/sollivie/spectral-diff/.pixi/envs/default/lib/python3.13/site-packages/tornado/web.py", line 3363, in wrapper
        url = self.get_login_url()
      File "/scratchm/sollivie/spectral-diff/.pixi/envs/default/lib/python3.13/site-packages/jupyter_server/base/handlers.py", line 786, in get_login_url
        raise web.HTTPError(403)
    tornado.web.HTTPError: HTTP 403: Forbidden
[W 2025-12-09 13:40:05.117 ServerApp] 403 GET /api/kernelspecs?1765284005115 (@10.33.240.8) 0.75ms referer=None
[W 2025-12-09 13:40:05.119 ServerApp] wrote error: 'Forbidden'
    Traceback (most recent call last):
      File "/scratchm/sollivie/spectral-diff/.pixi/envs/default/lib/python3.13/site-packages/tornado/web.py", line 1846, in _execute
        result = method(*self.path_args, **self.path_kwargs)
      File "/scratchm/sollivie/spectral-diff/.pixi/envs/default/lib/python3.13/site-packages/tornado/web.py", line 3363, in wrapper
        url = self.get_login_url()
      File "/scratchm/sollivie/spectral-diff/.pixi/envs/default/lib/python3.13/site-packages/jupyter_server/base/handlers.py", line 786, in get_login_url
        raise web.HTTPError(403)
    tornado.web.HTTPError: HTTP 403: Forbidden
[W 2025-12-09 13:40:05.119 ServerApp] 403 GET /api/kernels?1765284005115 (@10.33.240.8) 0.79ms referer=None
[W 2025-12-09 13:40:05.122 ServerApp] wrote error: 'Forbidden'
    Traceback (most recent call last):
      File "/scratchm/sollivie/spectral-diff/.pixi/envs/default/lib/python3.13/site-packages/tornado/web.py", line 1846, in _execute
        result = method(*self.path_args, **self.path_kwargs)
      File "/scratchm/sollivie/spectral-diff/.pixi/envs/default/lib/python3.13/site-packages/tornado/web.py", line 3363, in wrapper
        url = self.get_login_url()
      File "/scratchm/sollivie/spectral-diff/.pixi/envs/default/lib/python3.13/site-packages/jupyter_server/base/handlers.py", line 786, in get_login_url
        raise web.HTTPError(403)
    tornado.web.HTTPError: HTTP 403: Forbidden
[W 2025-12-09 13:40:05.123 ServerApp] 403 GET /api/kernelspecs?1765284005120 (@10.33.240.8) 1.11ms referer=None
[W 2025-12-09 13:40:05.124 ServerApp] wrote error: 'Forbidden'
    Traceback (most recent call last):
      File "/scratchm/sollivie/spectral-diff/.pixi/envs/default/lib/python3.13/site-packages/tornado/web.py", line 1846, in _execute
        result = method(*self.path_args, **self.path_kwargs)
      File "/scratchm/sollivie/spectral-diff/.pixi/envs/default/lib/python3.13/site-packages/tornado/web.py", line 3363, in wrapper
        url = self.get_login_url()
      File "/scratchm/sollivie/spectral-diff/.pixi/envs/default/lib/python3.13/site-packages/jupyter_server/base/handlers.py", line 786, in get_login_url
        raise web.HTTPError(403)
    tornado.web.HTTPError: HTTP 403: Forbidden
[W 2025-12-09 13:40:05.125 ServerApp] 403 GET /api/kernels?1765284005117 (@10.33.240.8) 0.73ms referer=None
[W 2025-12-09 13:40:05.125 ServerApp] wrote error: 'Forbidden'
    Traceback (most recent call last):
      File "/scratchm/sollivie/spectral-diff/.pixi/envs/default/lib/python3.13/site-packages/tornado/web.py", line 1846, in _execute
        result = method(*self.path_args, **self.path_kwargs)
      File "/scratchm/sollivie/spectral-diff/.pixi/envs/default/lib/python3.13/site-packages/tornado/web.py", line 3363, in wrapper
        url = self.get_login_url()
      File "/scratchm/sollivie/spectral-diff/.pixi/envs/default/lib/python3.13/site-packages/jupyter_server/base/handlers.py", line 786, in get_login_url
        raise web.HTTPError(403)
    tornado.web.HTTPError: HTTP 403: Forbidden
[W 2025-12-09 13:40:05.126 ServerApp] 403 GET /api/sessions?1765284005118 (@10.33.240.8) 0.71ms referer=None
[W 2025-12-09 13:40:05.128 ServerApp] wrote error: 'Forbidden'
    Traceback (most recent call last):
      File "/scratchm/sollivie/spectral-diff/.pixi/envs/default/lib/python3.13/site-packages/tornado/web.py", line 1846, in _execute
        result = method(*self.path_args, **self.path_kwargs)
      File "/scratchm/sollivie/spectral-diff/.pixi/envs/default/lib/python3.13/site-packages/tornado/web.py", line 3363, in wrapper
        url = self.get_login_url()
      File "/scratchm/sollivie/spectral-diff/.pixi/envs/default/lib/python3.13/site-packages/jupyter_server/base/handlers.py", line 786, in get_login_url
        raise web.HTTPError(403)
    tornado.web.HTTPError: HTTP 403: Forbidden
[W 2025-12-09 13:40:05.128 ServerApp] 403 GET /api/kernels?1765284005120 (@10.33.240.8) 1.17ms referer=None
[W 2025-12-09 13:40:05.129 ServerApp] wrote error: 'Forbidden'
    Traceback (most recent call last):
      File "/scratchm/sollivie/spectral-diff/.pixi/envs/default/lib/python3.13/site-packages/tornado/web.py", line 1846, in _execute
        result = method(*self.path_args, **self.path_kwargs)
      File "/scratchm/sollivie/spectral-diff/.pixi/envs/default/lib/python3.13/site-packages/tornado/web.py", line 3363, in wrapper
        url = self.get_login_url()
      File "/scratchm/sollivie/spectral-diff/.pixi/envs/default/lib/python3.13/site-packages/jupyter_server/base/handlers.py", line 786, in get_login_url
        raise web.HTTPError(403)
    tornado.web.HTTPError: HTTP 403: Forbidden
[W 2025-12-09 13:40:05.129 ServerApp] 403 GET /api/kernels?1765284005124 (@10.33.240.8) 0.88ms referer=None
[W 2025-12-09 13:40:05.130 ServerApp] wrote error: 'Forbidden'
    Traceback (most recent call last):
      File "/scratchm/sollivie/spectral-diff/.pixi/envs/default/lib/python3.13/site-packages/tornado/web.py", line 1846, in _execute
        result = method(*self.path_args, **self.path_kwargs)
      File "/scratchm/sollivie/spectral-diff/.pixi/envs/default/lib/python3.13/site-packages/tornado/web.py", line 3363, in wrapper
        url = self.get_login_url()
      File "/scratchm/sollivie/spectral-diff/.pixi/envs/default/lib/python3.13/site-packages/jupyter_server/base/handlers.py", line 786, in get_login_url
        raise web.HTTPError(403)
    tornado.web.HTTPError: HTTP 403: Forbidden
[W 2025-12-09 13:40:05.130 ServerApp] 403 GET /api/kernelspecs?1765284005122 (@10.33.240.8) 1.42ms referer=None
[W 2025-12-09 13:40:05.131 ServerApp] wrote error: 'Forbidden'
    Traceback (most recent call last):
      File "/scratchm/sollivie/spectral-diff/.pixi/envs/default/lib/python3.13/site-packages/tornado/web.py", line 1846, in _execute
        result = method(*self.path_args, **self.path_kwargs)
      File "/scratchm/sollivie/spectral-diff/.pixi/envs/default/lib/python3.13/site-packages/tornado/web.py", line 3363, in wrapper
        url = self.get_login_url()
      File "/scratchm/sollivie/spectral-diff/.pixi/envs/default/lib/python3.13/site-packages/jupyter_server/base/handlers.py", line 786, in get_login_url
        raise web.HTTPError(403)
    tornado.web.HTTPError: HTTP 403: Forbidden
[W 2025-12-09 13:40:05.131 ServerApp] 403 GET /api/kernelspecs?1765284005127 (@10.33.240.8) 0.91ms referer=None
[W 2025-12-09 13:40:05.132 ServerApp] wrote error: 'Forbidden'
    Traceback (most recent call last):
      File "/scratchm/sollivie/spectral-diff/.pixi/envs/default/lib/python3.13/site-packages/tornado/web.py", line 1846, in _execute
        result = method(*self.path_args, **self.path_kwargs)
      File "/scratchm/sollivie/spectral-diff/.pixi/envs/default/lib/python3.13/site-packages/tornado/web.py", line 3363, in wrapper
        url = self.get_login_url()
      File "/scratchm/sollivie/spectral-diff/.pixi/envs/default/lib/python3.13/site-packages/jupyter_server/base/handlers.py", line 786, in get_login_url
        raise web.HTTPError(403)
    tornado.web.HTTPError: HTTP 403: Forbidden
[W 2025-12-09 13:40:05.132 ServerApp] 403 GET /api/sessions?1765284005125 (@10.33.240.8) 1.44ms referer=None
[W 2025-12-09 13:40:42.973 ServerApp] Timeout waiting for kernel_info reply from 8c2b2ad7-b7c8-4272-ac2b-a6382a1c2d91
[E 2025-12-09 13:40:42.974 ServerApp] Uncaught exception GET /api/kernels/8c2b2ad7-b7c8-4272-ac2b-a6382a1c2d91/channels?session_id=107e40c3-bca2-4751-ac04-87801fc5ec9c&token=f6c4431f4a66c7303564800b915dc38c999dac7531b62613 (10.33.240.8)
    HTTPServerRequest(protocol='http', host='spiro-n211-clu:8888', method='GET', uri='/api/kernels/8c2b2ad7-b7c8-4272-ac2b-a6382a1c2d91/channels?session_id=107e40c3-bca2-4751-ac04-87801fc5ec9c&token=f6c4431f4a66c7303564800b915dc38c999dac7531b62613', version='HTTP/1.1', remote_ip='10.33.240.8')
    Traceback (most recent call last):
      File "/scratchm/sollivie/spectral-diff/.pixi/envs/default/lib/python3.13/site-packages/tornado/web.py", line 1848, in _execute
        result = await result
                 ^^^^^^^^^^^^
      File "/scratchm/sollivie/spectral-diff/.pixi/envs/default/lib/python3.13/site-packages/jupyter_server/services/kernels/websocket.py", line 66, in get
        await super().get(kernel_id=kernel_id)
      File "/scratchm/sollivie/spectral-diff/.pixi/envs/default/lib/python3.13/site-packages/tornado/websocket.py", line 277, in get
        await self.ws_connection.accept_connection(self)
      File "/scratchm/sollivie/spectral-diff/.pixi/envs/default/lib/python3.13/site-packages/tornado/websocket.py", line 890, in accept_connection
        await self._accept_connection(handler)
      File "/scratchm/sollivie/spectral-diff/.pixi/envs/default/lib/python3.13/site-packages/tornado/websocket.py", line 930, in _accept_connection
        self.selected_subprotocol = handler.select_subprotocol(subprotocols)
                                    ~~~~~~~~~~~~~~~~~~~~~~~~~~^^^^^^^^^^^^^^
      File "/scratchm/sollivie/spectral-diff/.pixi/envs/default/lib/python3.13/site-packages/jupyter_server/services/kernels/websocket.py", line 88, in select_subprotocol
        preferred_protocol = self.connection.kernel_ws_protocol
                             ^^^^^^^^^^^^^^^^^^^^^^^^^^^^^^^^^^
    AttributeError: 'NoneType' object has no attribute 'kernel_ws_protocol'
[E 2025-12-09 13:40:42.978 ServerApp] {
      "Host": "spiro-n211-clu:8888"
    }
[E 2025-12-09 13:40:42.978 ServerApp] 500 GET /api/kernels/8c2b2ad7-b7c8-4272-ac2b-a6382a1c2d91/channels?session_id=107e40c3-bca2-4751-ac04-87801fc5ec9c&token=[secret] (3759b36df2d045bc8f8ae3a9efbaa24b@10.33.240.8) 60018.28ms referer=None
slurmstepd: error: *** JOB 353807 ON n211 CANCELLED AT 2025-12-09T13:41:19 ***
