[I 2025-12-09 13:31:59.386 ServerApp] Extension package jupyter_lsp took 0.1826s to import
[W 2025-12-09 13:32:00.059 ServerApp] jupyterlab | error adding extension (enabled: True): Unknown scheme for proxy URL URL('proxy.onera:80')
    Traceback (most recent call last):
      File "/scratchm/sollivie/spectral-diff/.pixi/envs/default/lib/python3.13/site-packages/jupyter_server/extension/manager.py", line 365, in add_extension
        extpkg = ExtensionPackage(name=extension_name, enabled=enabled)
      File "/scratchm/sollivie/spectral-diff/.pixi/envs/default/lib/python3.13/site-packages/jupyter_server/extension/manager.py", line 219, in __init__
        self._load_metadata()
        ~~~~~~~~~~~~~~~~~~~^^
      File "/scratchm/sollivie/spectral-diff/.pixi/envs/default/lib/python3.13/site-packages/jupyter_server/extension/manager.py", line 228, in _load_metadata
        self.module, self.metadata = get_metadata(name, logger=self.log)
                                     ~~~~~~~~~~~~^^^^^^^^^^^^^^^^^^^^^^^
      File "/scratchm/sollivie/spectral-diff/.pixi/envs/default/lib/python3.13/site-packages/jupyter_server/extension/utils.py", line 76, in get_metadata
        return module, module._jupyter_server_extension_points()
                       ~~~~~~~~~~~~~~~~~~~~~~~~~~~~~~~~~~~~~~~^^
      File "/scratchm/sollivie/spectral-diff/.pixi/envs/default/lib/python3.13/site-packages/jupyterlab/__init__.py", line 20, in _jupyter_server_extension_points
        from .labapp import LabApp
      File "/scratchm/sollivie/spectral-diff/.pixi/envs/default/lib/python3.13/site-packages/jupyterlab/labapp.py", line 46, in <module>
        from .extensions import MANAGERS as EXT_MANAGERS
      File "/scratchm/sollivie/spectral-diff/.pixi/envs/default/lib/python3.13/site-packages/jupyterlab/extensions/__init__.py", line 12, in <module>
        from .pypi import PyPIExtensionManager
      File "/scratchm/sollivie/spectral-diff/.pixi/envs/default/lib/python3.13/site-packages/jupyterlab/extensions/pypi.py", line 74, in <module>
        "http://": httpx.AsyncHTTPTransport(proxy=http_proxy_url),
                   ~~~~~~~~~~~~~~~~~~~~~~~~^^^^^^^^^^^^^^^^^^^^^^
      File "/scratchm/sollivie/spectral-diff/.pixi/envs/default/lib/python3.13/site-packages/httpx/_transports/default.py", line 296, in __init__
        proxy = Proxy(url=proxy) if isinstance(proxy, (str, URL)) else proxy
                ~~~~~^^^^^^^^^^^
      File "/scratchm/sollivie/spectral-diff/.pixi/envs/default/lib/python3.13/site-packages/httpx/_config.py", line 214, in __init__
        raise ValueError(f"Unknown scheme for proxy URL {url!r}")
    ValueError: Unknown scheme for proxy URL URL('proxy.onera:80')
[I 2025-12-09 13:32:00.178 ServerApp] jupyter_lsp | extension was successfully linked.
[I 2025-12-09 13:32:00.182 ServerApp] jupyter_server_terminals | extension was successfully linked.
[I 2025-12-09 13:32:00.186 ServerApp] notebook | extension was successfully linked.
[W 2025-12-09 13:32:00.590 ServerApp] jupyterlab | error adding extension (enabled: True): Unknown scheme for proxy URL URL('proxy.onera:80')
    Traceback (most recent call last):
      File "/scratchm/sollivie/spectral-diff/.pixi/envs/default/lib/python3.13/site-packages/jupyter_server/extension/manager.py", line 365, in add_extension
        extpkg = ExtensionPackage(name=extension_name, enabled=enabled)
      File "/scratchm/sollivie/spectral-diff/.pixi/envs/default/lib/python3.13/site-packages/jupyter_server/extension/manager.py", line 219, in __init__
        self._load_metadata()
        ~~~~~~~~~~~~~~~~~~~^^
      File "/scratchm/sollivie/spectral-diff/.pixi/envs/default/lib/python3.13/site-packages/jupyter_server/extension/manager.py", line 228, in _load_metadata
        self.module, self.metadata = get_metadata(name, logger=self.log)
                                     ~~~~~~~~~~~~^^^^^^^^^^^^^^^^^^^^^^^
      File "/scratchm/sollivie/spectral-diff/.pixi/envs/default/lib/python3.13/site-packages/jupyter_server/extension/utils.py", line 76, in get_metadata
        return module, module._jupyter_server_extension_points()
                       ~~~~~~~~~~~~~~~~~~~~~~~~~~~~~~~~~~~~~~~^^
      File "/scratchm/sollivie/spectral-diff/.pixi/envs/default/lib/python3.13/site-packages/jupyterlab/__init__.py", line 20, in _jupyter_server_extension_points
        from .labapp import LabApp
      File "/scratchm/sollivie/spectral-diff/.pixi/envs/default/lib/python3.13/site-packages/jupyterlab/labapp.py", line 46, in <module>
        from .extensions import MANAGERS as EXT_MANAGERS
      File "/scratchm/sollivie/spectral-diff/.pixi/envs/default/lib/python3.13/site-packages/jupyterlab/extensions/__init__.py", line 12, in <module>
        from .pypi import PyPIExtensionManager
      File "/scratchm/sollivie/spectral-diff/.pixi/envs/default/lib/python3.13/site-packages/jupyterlab/extensions/pypi.py", line 74, in <module>
        "http://": httpx.AsyncHTTPTransport(proxy=http_proxy_url),
                   ~~~~~~~~~~~~~~~~~~~~~~~~^^^^^^^^^^^^^^^^^^^^^^
      File "/scratchm/sollivie/spectral-diff/.pixi/envs/default/lib/python3.13/site-packages/httpx/_transports/default.py", line 296, in __init__
        proxy = Proxy(url=proxy) if isinstance(proxy, (str, URL)) else proxy
                ~~~~~^^^^^^^^^^^
      File "/scratchm/sollivie/spectral-diff/.pixi/envs/default/lib/python3.13/site-packages/httpx/_config.py", line 214, in __init__
        raise ValueError(f"Unknown scheme for proxy URL {url!r}")
    ValueError: Unknown scheme for proxy URL URL('proxy.onera:80')
[I 2025-12-09 13:32:00.592 ServerApp] notebook_shim | extension was successfully linked.
[I 2025-12-09 13:32:00.655 ServerApp] notebook_shim | extension was successfully loaded.
[I 2025-12-09 13:32:00.657 ServerApp] jupyter_lsp | extension was successfully loaded.
[I 2025-12-09 13:32:00.659 ServerApp] jupyter_server_terminals | extension was successfully loaded.
[I 2025-12-09 13:32:00.676 ServerApp] notebook | extension was successfully loaded.
[I 2025-12-09 13:32:00.676 ServerApp] Serving notebooks from local directory: /scratchm/sollivie/spectral-diff
[I 2025-12-09 13:32:00.677 ServerApp] Jupyter Server 2.17.0 is running at:
[I 2025-12-09 13:32:00.677 ServerApp] http://spiro-n211-clu:8888/tree?token=841d5880e30e1e124437840c83aac2256a620d1511a55901
[I 2025-12-09 13:32:00.677 ServerApp]     http://127.0.0.1:8888/tree?token=841d5880e30e1e124437840c83aac2256a620d1511a55901
[I 2025-12-09 13:32:00.677 ServerApp] Use Control-C to stop this server and shut down all kernels (twice to skip confirmation).
[C 2025-12-09 13:32:00.713 ServerApp] 
    
    To access the server, open this file in a browser:
        file:///stck/sollivie/.local/share/jupyter/runtime/jpserver-3255926-open.html
    Or copy and paste one of these URLs:
        http://spiro-n211-clu:8888/tree?token=841d5880e30e1e124437840c83aac2256a620d1511a55901
        http://127.0.0.1:8888/tree?token=841d5880e30e1e124437840c83aac2256a620d1511a55901
[W 2025-12-09 13:32:01.376 ServerApp] Could not determine npm prefix: Command '['/opt/tools/bin/npm', 'prefix', '-g']' returned non-zero exit status 127.
[I 2025-12-09 13:32:03.763 ServerApp] Skipped non-installed server(s): basedpyright, bash-language-server, dockerfile-language-server-nodejs, javascript-typescript-langserver, jedi-language-server, julia-language-server, pyrefly, pyright, python-language-server, python-lsp-server, r-languageserver, sql-language-server, texlab, typescript-language-server, unified-language-server, vscode-css-languageserver-bin, vscode-html-languageserver-bin, vscode-json-languageserver-bin, yaml-language-server
[I 2025-12-09 13:32:32.485 ServerApp] 302 GET / (@10.33.240.8) 0.32ms
[I 2025-12-09 13:32:32.490 JupyterNotebookApp] 302 GET /tree? (@10.33.240.8) 0.41ms
[I 2025-12-09 13:32:33.668 ServerApp] 302 GET / (@10.33.240.8) 0.61ms
[I 2025-12-09 13:32:33.671 JupyterNotebookApp] 302 GET /tree? (@10.33.240.8) 0.40ms
[I 2025-12-09 13:32:37.728 ServerApp] 302 GET / (@10.33.240.8) 0.20ms
[I 2025-12-09 13:32:37.730 JupyterNotebookApp] 302 GET /tree? (@10.33.240.8) 0.23ms
/scratchm/sollivie/spectral-diff/.pixi/envs/default/lib/python3.13/site-packages/jupyter_client/localinterfaces.py:56: UserWarning: Unexpected error discovering local network interfaces: module 'psutil' has no attribute 'net_if_addrs'
  ret = f(**kwargs)
[I 2025-12-09 13:32:37.805 ServerApp] Kernel started: 6aa4944c-5442-40c7-8a7f-049a916ed8e4
Traceback (most recent call last):
  File "<frozen runpy>", line 198, in _run_module_as_main
  File "<frozen runpy>", line 88, in _run_code
  File "/scratchm/sollivie/spectral-diff/.pixi/envs/default/lib/python3.13/site-packages/ipykernel_launcher.py", line 16, in <module>
    from ipykernel import kernelapp as app
  File "/scratchm/sollivie/spectral-diff/.pixi/envs/default/lib/python3.13/site-packages/ipykernel/kernelapp.py", line 21, in <module>
    from IPython.core.application import (  # type:ignore[attr-defined]
    ...<4 lines>...
    )
  File "/scratchm/sollivie/spectral-diff/.pixi/envs/default/lib/python3.13/site-packages/IPython/__init__.py", line 57, in <module>
    from .terminal.embed import embed
  File "/scratchm/sollivie/spectral-diff/.pixi/envs/default/lib/python3.13/site-packages/IPython/terminal/embed.py", line 15, in <module>
    from IPython.core.interactiveshell import InteractiveShell, make_main_module_type
  File "/scratchm/sollivie/spectral-diff/.pixi/envs/default/lib/python3.13/site-packages/IPython/core/interactiveshell.py", line 70, in <module>
    from IPython.core.displayhook import DisplayHook
  File "/scratchm/sollivie/spectral-diff/.pixi/envs/default/lib/python3.13/site-packages/IPython/core/displayhook.py", line 19, in <module>
    from .history import HistoryOutput
  File "/scratchm/sollivie/spectral-diff/.pixi/envs/default/lib/python3.13/site-packages/IPython/core/history.py", line 20, in <module>
    from decorator import decorator
ModuleNotFoundError: No module named 'decorator'
[I 2025-12-09 13:32:40.796 ServerApp] AsyncIOLoopKernelRestarter: restarting kernel (1/5), new random ports
Traceback (most recent call last):
  File "<frozen runpy>", line 198, in _run_module_as_main
  File "<frozen runpy>", line 88, in _run_code
  File "/scratchm/sollivie/spectral-diff/.pixi/envs/default/lib/python3.13/site-packages/ipykernel_launcher.py", line 16, in <module>
    from ipykernel import kernelapp as app
  File "/scratchm/sollivie/spectral-diff/.pixi/envs/default/lib/python3.13/site-packages/ipykernel/kernelapp.py", line 21, in <module>
    from IPython.core.application import (  # type:ignore[attr-defined]
    ...<4 lines>...
    )
  File "/scratchm/sollivie/spectral-diff/.pixi/envs/default/lib/python3.13/site-packages/IPython/__init__.py", line 57, in <module>
    from .terminal.embed import embed
  File "/scratchm/sollivie/spectral-diff/.pixi/envs/default/lib/python3.13/site-packages/IPython/terminal/embed.py", line 15, in <module>
    from IPython.core.interactiveshell import InteractiveShell, make_main_module_type
  File "/scratchm/sollivie/spectral-diff/.pixi/envs/default/lib/python3.13/site-packages/IPython/core/interactiveshell.py", line 70, in <module>
    from IPython.core.displayhook import DisplayHook
  File "/scratchm/sollivie/spectral-diff/.pixi/envs/default/lib/python3.13/site-packages/IPython/core/displayhook.py", line 19, in <module>
    from .history import HistoryOutput
  File "/scratchm/sollivie/spectral-diff/.pixi/envs/default/lib/python3.13/site-packages/IPython/core/history.py", line 20, in <module>
    from decorator import decorator
ModuleNotFoundError: No module named 'decorator'
[I 2025-12-09 13:32:43.812 ServerApp] AsyncIOLoopKernelRestarter: restarting kernel (2/5), new random ports
Traceback (most recent call last):
  File "<frozen runpy>", line 198, in _run_module_as_main
  File "<frozen runpy>", line 88, in _run_code
  File "/scratchm/sollivie/spectral-diff/.pixi/envs/default/lib/python3.13/site-packages/ipykernel_launcher.py", line 16, in <module>
    from ipykernel import kernelapp as app
  File "/scratchm/sollivie/spectral-diff/.pixi/envs/default/lib/python3.13/site-packages/ipykernel/kernelapp.py", line 21, in <module>
    from IPython.core.application import (  # type:ignore[attr-defined]
    ...<4 lines>...
    )
  File "/scratchm/sollivie/spectral-diff/.pixi/envs/default/lib/python3.13/site-packages/IPython/__init__.py", line 57, in <module>
    from .terminal.embed import embed
  File "/scratchm/sollivie/spectral-diff/.pixi/envs/default/lib/python3.13/site-packages/IPython/terminal/embed.py", line 15, in <module>
    from IPython.core.interactiveshell import InteractiveShell, make_main_module_type
  File "/scratchm/sollivie/spectral-diff/.pixi/envs/default/lib/python3.13/site-packages/IPython/core/interactiveshell.py", line 70, in <module>
    from IPython.core.displayhook import DisplayHook
  File "/scratchm/sollivie/spectral-diff/.pixi/envs/default/lib/python3.13/site-packages/IPython/core/displayhook.py", line 19, in <module>
    from .history import HistoryOutput
  File "/scratchm/sollivie/spectral-diff/.pixi/envs/default/lib/python3.13/site-packages/IPython/core/history.py", line 20, in <module>
    from decorator import decorator
ModuleNotFoundError: No module named 'decorator'
[I 2025-12-09 13:32:46.828 ServerApp] AsyncIOLoopKernelRestarter: restarting kernel (3/5), new random ports
Traceback (most recent call last):
  File "<frozen runpy>", line 198, in _run_module_as_main
  File "<frozen runpy>", line 88, in _run_code
  File "/scratchm/sollivie/spectral-diff/.pixi/envs/default/lib/python3.13/site-packages/ipykernel_launcher.py", line 16, in <module>
    from ipykernel import kernelapp as app
  File "/scratchm/sollivie/spectral-diff/.pixi/envs/default/lib/python3.13/site-packages/ipykernel/kernelapp.py", line 21, in <module>
    from IPython.core.application import (  # type:ignore[attr-defined]
    ...<4 lines>...
    )
  File "/scratchm/sollivie/spectral-diff/.pixi/envs/default/lib/python3.13/site-packages/IPython/__init__.py", line 57, in <module>
    from .terminal.embed import embed
  File "/scratchm/sollivie/spectral-diff/.pixi/envs/default/lib/python3.13/site-packages/IPython/terminal/embed.py", line 15, in <module>
    from IPython.core.interactiveshell import InteractiveShell, make_main_module_type
  File "/scratchm/sollivie/spectral-diff/.pixi/envs/default/lib/python3.13/site-packages/IPython/core/interactiveshell.py", line 70, in <module>
    from IPython.core.displayhook import DisplayHook
  File "/scratchm/sollivie/spectral-diff/.pixi/envs/default/lib/python3.13/site-packages/IPython/core/displayhook.py", line 19, in <module>
    from .history import HistoryOutput
  File "/scratchm/sollivie/spectral-diff/.pixi/envs/default/lib/python3.13/site-packages/IPython/core/history.py", line 20, in <module>
    from decorator import decorator
ModuleNotFoundError: No module named 'decorator'
[I 2025-12-09 13:32:49.843 ServerApp] AsyncIOLoopKernelRestarter: restarting kernel (4/5), new random ports
Traceback (most recent call last):
  File "<frozen runpy>", line 198, in _run_module_as_main
  File "<frozen runpy>", line 88, in _run_code
  File "/scratchm/sollivie/spectral-diff/.pixi/envs/default/lib/python3.13/site-packages/ipykernel_launcher.py", line 16, in <module>
    from ipykernel import kernelapp as app
  File "/scratchm/sollivie/spectral-diff/.pixi/envs/default/lib/python3.13/site-packages/ipykernel/kernelapp.py", line 21, in <module>
    from IPython.core.application import (  # type:ignore[attr-defined]
    ...<4 lines>...
    )
  File "/scratchm/sollivie/spectral-diff/.pixi/envs/default/lib/python3.13/site-packages/IPython/__init__.py", line 57, in <module>
    from .terminal.embed import embed
  File "/scratchm/sollivie/spectral-diff/.pixi/envs/default/lib/python3.13/site-packages/IPython/terminal/embed.py", line 15, in <module>
    from IPython.core.interactiveshell import InteractiveShell, make_main_module_type
  File "/scratchm/sollivie/spectral-diff/.pixi/envs/default/lib/python3.13/site-packages/IPython/core/interactiveshell.py", line 70, in <module>
    from IPython.core.displayhook import DisplayHook
  File "/scratchm/sollivie/spectral-diff/.pixi/envs/default/lib/python3.13/site-packages/IPython/core/displayhook.py", line 19, in <module>
    from .history import HistoryOutput
  File "/scratchm/sollivie/spectral-diff/.pixi/envs/default/lib/python3.13/site-packages/IPython/core/history.py", line 20, in <module>
    from decorator import decorator
ModuleNotFoundError: No module named 'decorator'
[I 2025-12-09 13:32:52.859 ServerApp] AsyncIOLoopKernelRestarter: restarting kernel (5/5), new random ports
Traceback (most recent call last):
  File "<frozen runpy>", line 198, in _run_module_as_main
  File "<frozen runpy>", line 88, in _run_code
  File "/scratchm/sollivie/spectral-diff/.pixi/envs/default/lib/python3.13/site-packages/ipykernel_launcher.py", line 16, in <module>
    from ipykernel import kernelapp as app
  File "/scratchm/sollivie/spectral-diff/.pixi/envs/default/lib/python3.13/site-packages/ipykernel/kernelapp.py", line 21, in <module>
    from IPython.core.application import (  # type:ignore[attr-defined]
    ...<4 lines>...
    )
  File "/scratchm/sollivie/spectral-diff/.pixi/envs/default/lib/python3.13/site-packages/IPython/__init__.py", line 57, in <module>
    from .terminal.embed import embed
  File "/scratchm/sollivie/spectral-diff/.pixi/envs/default/lib/python3.13/site-packages/IPython/terminal/embed.py", line 15, in <module>
    from IPython.core.interactiveshell import InteractiveShell, make_main_module_type
  File "/scratchm/sollivie/spectral-diff/.pixi/envs/default/lib/python3.13/site-packages/IPython/core/interactiveshell.py", line 70, in <module>
    from IPython.core.displayhook import DisplayHook
  File "/scratchm/sollivie/spectral-diff/.pixi/envs/default/lib/python3.13/site-packages/IPython/core/displayhook.py", line 19, in <module>
    from .history import HistoryOutput
  File "/scratchm/sollivie/spectral-diff/.pixi/envs/default/lib/python3.13/site-packages/IPython/core/history.py", line 20, in <module>
    from decorator import decorator
ModuleNotFoundError: No module named 'decorator'
[W 2025-12-09 13:32:55.874 ServerApp] AsyncIOLoopKernelRestarter: restart failed
[W 2025-12-09 13:32:55.875 ServerApp] Kernel 6aa4944c-5442-40c7-8a7f-049a916ed8e4 died, removing from map.
[W 2025-12-09 13:33:37.859 ServerApp] Timeout waiting for kernel_info reply from 6aa4944c-5442-40c7-8a7f-049a916ed8e4
[E 2025-12-09 13:33:37.860 ServerApp] Uncaught exception GET /api/kernels/6aa4944c-5442-40c7-8a7f-049a916ed8e4/channels?session_id=b225df7d-aa60-4061-b558-b4aafa47af69&token=841d5880e30e1e124437840c83aac2256a620d1511a55901 (10.33.240.8)
    HTTPServerRequest(protocol='http', host='spiro-n211-clu:8888', method='GET', uri='/api/kernels/6aa4944c-5442-40c7-8a7f-049a916ed8e4/channels?session_id=b225df7d-aa60-4061-b558-b4aafa47af69&token=841d5880e30e1e124437840c83aac2256a620d1511a55901', version='HTTP/1.1', remote_ip='10.33.240.8')
    Traceback (most recent call last):
      File "/scratchm/sollivie/spectral-diff/.pixi/envs/default/lib/python3.13/site-packages/tornado/web.py", line 1848, in _execute
        result = await result
                 ^^^^^^^^^^^^
      File "/scratchm/sollivie/spectral-diff/.pixi/envs/default/lib/python3.13/site-packages/jupyter_server/services/kernels/websocket.py", line 66, in get
        await super().get(kernel_id=kernel_id)
      File "/scratchm/sollivie/spectral-diff/.pixi/envs/default/lib/python3.13/site-packages/tornado/websocket.py", line 277, in get
        await self.ws_connection.accept_connection(self)
      File "/scratchm/sollivie/spectral-diff/.pixi/envs/default/lib/python3.13/site-packages/tornado/websocket.py", line 890, in accept_connection
        await self._accept_connection(handler)
      File "/scratchm/sollivie/spectral-diff/.pixi/envs/default/lib/python3.13/site-packages/tornado/websocket.py", line 930, in _accept_connection
        self.selected_subprotocol = handler.select_subprotocol(subprotocols)
                                    ~~~~~~~~~~~~~~~~~~~~~~~~~~^^^^^^^^^^^^^^
      File "/scratchm/sollivie/spectral-diff/.pixi/envs/default/lib/python3.13/site-packages/jupyter_server/services/kernels/websocket.py", line 88, in select_subprotocol
        preferred_protocol = self.connection.kernel_ws_protocol
                             ^^^^^^^^^^^^^^^^^^^^^^^^^^^^^^^^^^
    AttributeError: 'NoneType' object has no attribute 'kernel_ws_protocol'
[E 2025-12-09 13:33:37.912 ServerApp] {
      "Host": "spiro-n211-clu:8888"
    }
[E 2025-12-09 13:33:37.912 ServerApp] 500 GET /api/kernels/6aa4944c-5442-40c7-8a7f-049a916ed8e4/channels?session_id=b225df7d-aa60-4061-b558-b4aafa47af69&token=[secret] (08a03c722b5f4afd95e97b5dd20f7054@10.33.240.8) 60093.27ms referer=None
slurmstepd: error: *** JOB 353805 ON n211 CANCELLED AT 2025-12-09T13:33:45 ***
