[W 2025-12-09 13:41:30.198 ServerApp] jupyterlab | error adding extension (enabled: True): Unknown scheme for proxy URL URL('proxy.onera:80')
    Traceback (most recent call last):
      File "/scratchm/sollivie/spectral-diff/.pixi/envs/default/lib/python3.13/site-packages/jupyter_server/extension/manager.py", line 365, in add_extension
        extpkg = ExtensionPackage(name=extension_name, enabled=enabled)
      File "/scratchm/sollivie/spectral-diff/.pixi/envs/default/lib/python3.13/site-packages/jupyter_server/extension/manager.py", line 219, in __init__
        self._load_metadata()
        ~~~~~~~~~~~~~~~~~~~^^
      File "/scratchm/sollivie/spectral-diff/.pixi/envs/default/lib/python3.13/site-packages/jupyter_server/extension/manager.py", line 228, in _load_metadata
        self.module, self.metadata = get_metadata(name, logger=self.log)
                                     ~~~~~~~~~~~~^^^^^^^^^^^^^^^^^^^^^^^
      File "/scratchm/sollivie/spectral-diff/.pixi/envs/default/lib/python3.13/site-packages/jupyter_server/extension/utils.py", line 76, in get_metadata
        return module, module._jupyter_server_extension_points()
                       ~~~~~~~~~~~~~~~~~~~~~~~~~~~~~~~~~~~~~~~^^
      File "/scratchm/sollivie/spectral-diff/.pixi/envs/default/lib/python3.13/site-packages/jupyterlab/__init__.py", line 20, in _jupyter_server_extension_points
        from .labapp import LabApp
      File "/scratchm/sollivie/spectral-diff/.pixi/envs/default/lib/python3.13/site-packages/jupyterlab/labapp.py", line 46, in <module>
        from .extensions import MANAGERS as EXT_MANAGERS
      File "/scratchm/sollivie/spectral-diff/.pixi/envs/default/lib/python3.13/site-packages/jupyterlab/extensions/__init__.py", line 12, in <module>
        from .pypi import PyPIExtensionManager
      File "/scratchm/sollivie/spectral-diff/.pixi/envs/default/lib/python3.13/site-packages/jupyterlab/extensions/pypi.py", line 74, in <module>
        "http://": httpx.AsyncHTTPTransport(proxy=http_proxy_url),
                   ~~~~~~~~~~~~~~~~~~~~~~~~^^^^^^^^^^^^^^^^^^^^^^
      File "/scratchm/sollivie/spectral-diff/.pixi/envs/default/lib/python3.13/site-packages/httpx/_transports/default.py", line 296, in __init__
        proxy = Proxy(url=proxy) if isinstance(proxy, (str, URL)) else proxy
                ~~~~~^^^^^^^^^^^
      File "/scratchm/sollivie/spectral-diff/.pixi/envs/default/lib/python3.13/site-packages/httpx/_config.py", line 214, in __init__
        raise ValueError(f"Unknown scheme for proxy URL {url!r}")
    ValueError: Unknown scheme for proxy URL URL('proxy.onera:80')
[I 2025-12-09 13:41:30.204 ServerApp] jupyter_lsp | extension was successfully linked.
[I 2025-12-09 13:41:30.207 ServerApp] jupyter_server_terminals | extension was successfully linked.
[I 2025-12-09 13:41:30.209 ServerApp] notebook | extension was successfully linked.
[W 2025-12-09 13:41:30.338 ServerApp] jupyterlab | error adding extension (enabled: True): Unknown scheme for proxy URL URL('proxy.onera:80')
    Traceback (most recent call last):
      File "/scratchm/sollivie/spectral-diff/.pixi/envs/default/lib/python3.13/site-packages/jupyter_server/extension/manager.py", line 365, in add_extension
        extpkg = ExtensionPackage(name=extension_name, enabled=enabled)
      File "/scratchm/sollivie/spectral-diff/.pixi/envs/default/lib/python3.13/site-packages/jupyter_server/extension/manager.py", line 219, in __init__
        self._load_metadata()
        ~~~~~~~~~~~~~~~~~~~^^
      File "/scratchm/sollivie/spectral-diff/.pixi/envs/default/lib/python3.13/site-packages/jupyter_server/extension/manager.py", line 228, in _load_metadata
        self.module, self.metadata = get_metadata(name, logger=self.log)
                                     ~~~~~~~~~~~~^^^^^^^^^^^^^^^^^^^^^^^
      File "/scratchm/sollivie/spectral-diff/.pixi/envs/default/lib/python3.13/site-packages/jupyter_server/extension/utils.py", line 76, in get_metadata
        return module, module._jupyter_server_extension_points()
                       ~~~~~~~~~~~~~~~~~~~~~~~~~~~~~~~~~~~~~~~^^
      File "/scratchm/sollivie/spectral-diff/.pixi/envs/default/lib/python3.13/site-packages/jupyterlab/__init__.py", line 20, in _jupyter_server_extension_points
        from .labapp import LabApp
      File "/scratchm/sollivie/spectral-diff/.pixi/envs/default/lib/python3.13/site-packages/jupyterlab/labapp.py", line 46, in <module>
        from .extensions import MANAGERS as EXT_MANAGERS
      File "/scratchm/sollivie/spectral-diff/.pixi/envs/default/lib/python3.13/site-packages/jupyterlab/extensions/__init__.py", line 12, in <module>
        from .pypi import PyPIExtensionManager
      File "/scratchm/sollivie/spectral-diff/.pixi/envs/default/lib/python3.13/site-packages/jupyterlab/extensions/pypi.py", line 74, in <module>
        "http://": httpx.AsyncHTTPTransport(proxy=http_proxy_url),
                   ~~~~~~~~~~~~~~~~~~~~~~~~^^^^^^^^^^^^^^^^^^^^^^
      File "/scratchm/sollivie/spectral-diff/.pixi/envs/default/lib/python3.13/site-packages/httpx/_transports/default.py", line 296, in __init__
        proxy = Proxy(url=proxy) if isinstance(proxy, (str, URL)) else proxy
                ~~~~~^^^^^^^^^^^
      File "/scratchm/sollivie/spectral-diff/.pixi/envs/default/lib/python3.13/site-packages/httpx/_config.py", line 214, in __init__
        raise ValueError(f"Unknown scheme for proxy URL {url!r}")
    ValueError: Unknown scheme for proxy URL URL('proxy.onera:80')
[I 2025-12-09 13:41:30.339 ServerApp] notebook_shim | extension was successfully linked.
[I 2025-12-09 13:41:30.374 ServerApp] notebook_shim | extension was successfully loaded.
[I 2025-12-09 13:41:30.375 ServerApp] jupyter_lsp | extension was successfully loaded.
[I 2025-12-09 13:41:30.376 ServerApp] jupyter_server_terminals | extension was successfully loaded.
[I 2025-12-09 13:41:30.384 ServerApp] notebook | extension was successfully loaded.
[I 2025-12-09 13:41:30.384 ServerApp] Serving notebooks from local directory: /scratchm/sollivie/spectral-diff
[I 2025-12-09 13:41:30.384 ServerApp] Jupyter Server 2.17.0 is running at:
[I 2025-12-09 13:41:30.384 ServerApp] http://spiro-n211-clu:8888/tree?token=47e401f61e3c5d222d3242273b97f3539d3c32d3512a6593
[I 2025-12-09 13:41:30.384 ServerApp]     http://127.0.0.1:8888/tree?token=47e401f61e3c5d222d3242273b97f3539d3c32d3512a6593
[I 2025-12-09 13:41:30.384 ServerApp] Use Control-C to stop this server and shut down all kernels (twice to skip confirmation).
[C 2025-12-09 13:41:30.394 ServerApp] 
    
    To access the server, open this file in a browser:
        file:///stck/sollivie/.local/share/jupyter/runtime/jpserver-3256804-open.html
    Or copy and paste one of these URLs:
        http://spiro-n211-clu:8888/tree?token=47e401f61e3c5d222d3242273b97f3539d3c32d3512a6593
        http://127.0.0.1:8888/tree?token=47e401f61e3c5d222d3242273b97f3539d3c32d3512a6593
[W 2025-12-09 13:41:30.470 ServerApp] Could not determine npm prefix: Command '['/opt/tools/bin/npm', 'prefix', '-g']' returned non-zero exit status 127.
[I 2025-12-09 13:41:30.862 ServerApp] Skipped non-installed server(s): basedpyright, bash-language-server, dockerfile-language-server-nodejs, javascript-typescript-langserver, jedi-language-server, julia-language-server, pyrefly, pyright, python-language-server, python-lsp-server, r-languageserver, sql-language-server, texlab, typescript-language-server, unified-language-server, vscode-css-languageserver-bin, vscode-html-languageserver-bin, vscode-json-languageserver-bin, yaml-language-server
[I 2025-12-09 13:41:58.421 ServerApp] 302 GET / (@10.33.240.8) 0.32ms
[I 2025-12-09 13:41:58.424 JupyterNotebookApp] 302 GET /tree? (@10.33.240.8) 0.46ms
[I 2025-12-09 13:41:59.162 ServerApp] 302 GET / (@10.33.240.8) 0.29ms
[I 2025-12-09 13:41:59.164 JupyterNotebookApp] 302 GET /tree? (@10.33.240.8) 0.26ms
[I 2025-12-09 13:42:03.506 ServerApp] 302 GET / (@10.33.240.8) 0.19ms
[I 2025-12-09 13:42:03.509 JupyterNotebookApp] 302 GET /tree? (@10.33.240.8) 0.44ms
/scratchm/sollivie/spectral-diff/.pixi/envs/default/lib/python3.13/site-packages/jupyter_client/localinterfaces.py:56: UserWarning: Unexpected error discovering local network interfaces: module 'psutil' has no attribute 'net_if_addrs'
  ret = f(**kwargs)
[I 2025-12-09 13:42:03.556 ServerApp] Kernel started: 7cd19a09-ee66-44f6-b345-cb465255c9cd
Traceback (most recent call last):
  File "<frozen runpy>", line 198, in _run_module_as_main
  File "<frozen runpy>", line 88, in _run_code
  File "/scratchm/sollivie/spectral-diff/.pixi/envs/default/lib/python3.13/site-packages/ipykernel_launcher.py", line 16, in <module>
    from ipykernel import kernelapp as app
  File "/scratchm/sollivie/spectral-diff/.pixi/envs/default/lib/python3.13/site-packages/ipykernel/kernelapp.py", line 21, in <module>
    from IPython.core.application import (  # type:ignore[attr-defined]
    ...<4 lines>...
    )
  File "/scratchm/sollivie/spectral-diff/.pixi/envs/default/lib/python3.13/site-packages/IPython/__init__.py", line 57, in <module>
    from .terminal.embed import embed
  File "/scratchm/sollivie/spectral-diff/.pixi/envs/default/lib/python3.13/site-packages/IPython/terminal/embed.py", line 15, in <module>
    from IPython.core.interactiveshell import InteractiveShell, make_main_module_type
  File "/scratchm/sollivie/spectral-diff/.pixi/envs/default/lib/python3.13/site-packages/IPython/core/interactiveshell.py", line 70, in <module>
    from IPython.core.displayhook import DisplayHook
  File "/scratchm/sollivie/spectral-diff/.pixi/envs/default/lib/python3.13/site-packages/IPython/core/displayhook.py", line 19, in <module>
    from .history import HistoryOutput
  File "/scratchm/sollivie/spectral-diff/.pixi/envs/default/lib/python3.13/site-packages/IPython/core/history.py", line 20, in <module>
    from decorator import decorator
ModuleNotFoundError: No module named 'decorator'
[I 2025-12-09 13:42:06.548 ServerApp] AsyncIOLoopKernelRestarter: restarting kernel (1/5), new random ports
Traceback (most recent call last):
  File "<frozen runpy>", line 198, in _run_module_as_main
  File "<frozen runpy>", line 88, in _run_code
  File "/scratchm/sollivie/spectral-diff/.pixi/envs/default/lib/python3.13/site-packages/ipykernel_launcher.py", line 16, in <module>
    from ipykernel import kernelapp as app
  File "/scratchm/sollivie/spectral-diff/.pixi/envs/default/lib/python3.13/site-packages/ipykernel/kernelapp.py", line 21, in <module>
    from IPython.core.application import (  # type:ignore[attr-defined]
    ...<4 lines>...
    )
  File "/scratchm/sollivie/spectral-diff/.pixi/envs/default/lib/python3.13/site-packages/IPython/__init__.py", line 57, in <module>
    from .terminal.embed import embed
  File "/scratchm/sollivie/spectral-diff/.pixi/envs/default/lib/python3.13/site-packages/IPython/terminal/embed.py", line 15, in <module>
    from IPython.core.interactiveshell import InteractiveShell, make_main_module_type
  File "/scratchm/sollivie/spectral-diff/.pixi/envs/default/lib/python3.13/site-packages/IPython/core/interactiveshell.py", line 70, in <module>
    from IPython.core.displayhook import DisplayHook
  File "/scratchm/sollivie/spectral-diff/.pixi/envs/default/lib/python3.13/site-packages/IPython/core/displayhook.py", line 19, in <module>
    from .history import HistoryOutput
  File "/scratchm/sollivie/spectral-diff/.pixi/envs/default/lib/python3.13/site-packages/IPython/core/history.py", line 20, in <module>
    from decorator import decorator
ModuleNotFoundError: No module named 'decorator'
[I 2025-12-09 13:42:09.564 ServerApp] AsyncIOLoopKernelRestarter: restarting kernel (2/5), new random ports
Traceback (most recent call last):
  File "<frozen runpy>", line 198, in _run_module_as_main
  File "<frozen runpy>", line 88, in _run_code
  File "/scratchm/sollivie/spectral-diff/.pixi/envs/default/lib/python3.13/site-packages/ipykernel_launcher.py", line 16, in <module>
    from ipykernel import kernelapp as app
  File "/scratchm/sollivie/spectral-diff/.pixi/envs/default/lib/python3.13/site-packages/ipykernel/kernelapp.py", line 21, in <module>
    from IPython.core.application import (  # type:ignore[attr-defined]
    ...<4 lines>...
    )
  File "/scratchm/sollivie/spectral-diff/.pixi/envs/default/lib/python3.13/site-packages/IPython/__init__.py", line 57, in <module>
    from .terminal.embed import embed
  File "/scratchm/sollivie/spectral-diff/.pixi/envs/default/lib/python3.13/site-packages/IPython/terminal/embed.py", line 15, in <module>
    from IPython.core.interactiveshell import InteractiveShell, make_main_module_type
  File "/scratchm/sollivie/spectral-diff/.pixi/envs/default/lib/python3.13/site-packages/IPython/core/interactiveshell.py", line 70, in <module>
    from IPython.core.displayhook import DisplayHook
  File "/scratchm/sollivie/spectral-diff/.pixi/envs/default/lib/python3.13/site-packages/IPython/core/displayhook.py", line 19, in <module>
    from .history import HistoryOutput
  File "/scratchm/sollivie/spectral-diff/.pixi/envs/default/lib/python3.13/site-packages/IPython/core/history.py", line 20, in <module>
    from decorator import decorator
ModuleNotFoundError: No module named 'decorator'
[I 2025-12-09 13:42:12.581 ServerApp] AsyncIOLoopKernelRestarter: restarting kernel (3/5), new random ports
Traceback (most recent call last):
  File "<frozen runpy>", line 198, in _run_module_as_main
  File "<frozen runpy>", line 88, in _run_code
  File "/scratchm/sollivie/spectral-diff/.pixi/envs/default/lib/python3.13/site-packages/ipykernel_launcher.py", line 16, in <module>
    from ipykernel import kernelapp as app
  File "/scratchm/sollivie/spectral-diff/.pixi/envs/default/lib/python3.13/site-packages/ipykernel/kernelapp.py", line 21, in <module>
    from IPython.core.application import (  # type:ignore[attr-defined]
    ...<4 lines>...
    )
  File "/scratchm/sollivie/spectral-diff/.pixi/envs/default/lib/python3.13/site-packages/IPython/__init__.py", line 57, in <module>
    from .terminal.embed import embed
  File "/scratchm/sollivie/spectral-diff/.pixi/envs/default/lib/python3.13/site-packages/IPython/terminal/embed.py", line 15, in <module>
    from IPython.core.interactiveshell import InteractiveShell, make_main_module_type
  File "/scratchm/sollivie/spectral-diff/.pixi/envs/default/lib/python3.13/site-packages/IPython/core/interactiveshell.py", line 70, in <module>
    from IPython.core.displayhook import DisplayHook
  File "/scratchm/sollivie/spectral-diff/.pixi/envs/default/lib/python3.13/site-packages/IPython/core/displayhook.py", line 19, in <module>
    from .history import HistoryOutput
  File "/scratchm/sollivie/spectral-diff/.pixi/envs/default/lib/python3.13/site-packages/IPython/core/history.py", line 20, in <module>
    from decorator import decorator
ModuleNotFoundError: No module named 'decorator'
[I 2025-12-09 13:42:15.597 ServerApp] AsyncIOLoopKernelRestarter: restarting kernel (4/5), new random ports
Traceback (most recent call last):
  File "<frozen runpy>", line 198, in _run_module_as_main
  File "<frozen runpy>", line 88, in _run_code
  File "/scratchm/sollivie/spectral-diff/.pixi/envs/default/lib/python3.13/site-packages/ipykernel_launcher.py", line 16, in <module>
    from ipykernel import kernelapp as app
  File "/scratchm/sollivie/spectral-diff/.pixi/envs/default/lib/python3.13/site-packages/ipykernel/kernelapp.py", line 21, in <module>
    from IPython.core.application import (  # type:ignore[attr-defined]
    ...<4 lines>...
    )
  File "/scratchm/sollivie/spectral-diff/.pixi/envs/default/lib/python3.13/site-packages/IPython/__init__.py", line 57, in <module>
    from .terminal.embed import embed
  File "/scratchm/sollivie/spectral-diff/.pixi/envs/default/lib/python3.13/site-packages/IPython/terminal/embed.py", line 15, in <module>
    from IPython.core.interactiveshell import InteractiveShell, make_main_module_type
  File "/scratchm/sollivie/spectral-diff/.pixi/envs/default/lib/python3.13/site-packages/IPython/core/interactiveshell.py", line 70, in <module>
    from IPython.core.displayhook import DisplayHook
  File "/scratchm/sollivie/spectral-diff/.pixi/envs/default/lib/python3.13/site-packages/IPython/core/displayhook.py", line 19, in <module>
    from .history import HistoryOutput
  File "/scratchm/sollivie/spectral-diff/.pixi/envs/default/lib/python3.13/site-packages/IPython/core/history.py", line 20, in <module>
    from decorator import decorator
ModuleNotFoundError: No module named 'decorator'
[I 2025-12-09 13:42:18.613 ServerApp] AsyncIOLoopKernelRestarter: restarting kernel (5/5), new random ports
Traceback (most recent call last):
  File "<frozen runpy>", line 198, in _run_module_as_main
  File "<frozen runpy>", line 88, in _run_code
  File "/scratchm/sollivie/spectral-diff/.pixi/envs/default/lib/python3.13/site-packages/ipykernel_launcher.py", line 16, in <module>
    from ipykernel import kernelapp as app
  File "/scratchm/sollivie/spectral-diff/.pixi/envs/default/lib/python3.13/site-packages/ipykernel/kernelapp.py", line 21, in <module>
    from IPython.core.application import (  # type:ignore[attr-defined]
    ...<4 lines>...
    )
  File "/scratchm/sollivie/spectral-diff/.pixi/envs/default/lib/python3.13/site-packages/IPython/__init__.py", line 57, in <module>
    from .terminal.embed import embed
  File "/scratchm/sollivie/spectral-diff/.pixi/envs/default/lib/python3.13/site-packages/IPython/terminal/embed.py", line 15, in <module>
    from IPython.core.interactiveshell import InteractiveShell, make_main_module_type
  File "/scratchm/sollivie/spectral-diff/.pixi/envs/default/lib/python3.13/site-packages/IPython/core/interactiveshell.py", line 70, in <module>
    from IPython.core.displayhook import DisplayHook
  File "/scratchm/sollivie/spectral-diff/.pixi/envs/default/lib/python3.13/site-packages/IPython/core/displayhook.py", line 19, in <module>
    from .history import HistoryOutput
  File "/scratchm/sollivie/spectral-diff/.pixi/envs/default/lib/python3.13/site-packages/IPython/core/history.py", line 20, in <module>
    from decorator import decorator
ModuleNotFoundError: No module named 'decorator'
[W 2025-12-09 13:42:21.629 ServerApp] AsyncIOLoopKernelRestarter: restart failed
[W 2025-12-09 13:42:21.629 ServerApp] Kernel 7cd19a09-ee66-44f6-b345-cb465255c9cd died, removing from map.
[I 2025-12-09 13:42:34.387 ServerApp] 302 GET / (@10.33.240.8) 0.19ms
[I 2025-12-09 13:42:34.390 JupyterNotebookApp] 302 GET /tree? (@10.33.240.8) 0.24ms
[I 2025-12-09 13:42:34.435 ServerApp] Kernel started: 90c024a4-0ca6-4622-b9d0-d30f1b7c68d8
Traceback (most recent call last):
  File "<frozen runpy>", line 198, in _run_module_as_main
  File "<frozen runpy>", line 88, in _run_code
  File "/scratchm/sollivie/spectral-diff/.pixi/envs/default/lib/python3.13/site-packages/ipykernel_launcher.py", line 16, in <module>
    from ipykernel import kernelapp as app
  File "/scratchm/sollivie/spectral-diff/.pixi/envs/default/lib/python3.13/site-packages/ipykernel/kernelapp.py", line 21, in <module>
    from IPython.core.application import (  # type:ignore[attr-defined]
    ...<4 lines>...
    )
  File "/scratchm/sollivie/spectral-diff/.pixi/envs/default/lib/python3.13/site-packages/IPython/__init__.py", line 57, in <module>
    from .terminal.embed import embed
  File "/scratchm/sollivie/spectral-diff/.pixi/envs/default/lib/python3.13/site-packages/IPython/terminal/embed.py", line 15, in <module>
    from IPython.core.interactiveshell import InteractiveShell, make_main_module_type
  File "/scratchm/sollivie/spectral-diff/.pixi/envs/default/lib/python3.13/site-packages/IPython/core/interactiveshell.py", line 70, in <module>
    from IPython.core.displayhook import DisplayHook
  File "/scratchm/sollivie/spectral-diff/.pixi/envs/default/lib/python3.13/site-packages/IPython/core/displayhook.py", line 19, in <module>
    from .history import HistoryOutput
  File "/scratchm/sollivie/spectral-diff/.pixi/envs/default/lib/python3.13/site-packages/IPython/core/history.py", line 20, in <module>
    from decorator import decorator
ModuleNotFoundError: No module named 'decorator'
[I 2025-12-09 13:42:37.427 ServerApp] AsyncIOLoopKernelRestarter: restarting kernel (1/5), new random ports
Traceback (most recent call last):
  File "<frozen runpy>", line 198, in _run_module_as_main
  File "<frozen runpy>", line 88, in _run_code
  File "/scratchm/sollivie/spectral-diff/.pixi/envs/default/lib/python3.13/site-packages/ipykernel_launcher.py", line 16, in <module>
    from ipykernel import kernelapp as app
  File "/scratchm/sollivie/spectral-diff/.pixi/envs/default/lib/python3.13/site-packages/ipykernel/kernelapp.py", line 21, in <module>
    from IPython.core.application import (  # type:ignore[attr-defined]
    ...<4 lines>...
    )
  File "/scratchm/sollivie/spectral-diff/.pixi/envs/default/lib/python3.13/site-packages/IPython/__init__.py", line 57, in <module>
    from .terminal.embed import embed
  File "/scratchm/sollivie/spectral-diff/.pixi/envs/default/lib/python3.13/site-packages/IPython/terminal/embed.py", line 15, in <module>
    from IPython.core.interactiveshell import InteractiveShell, make_main_module_type
  File "/scratchm/sollivie/spectral-diff/.pixi/envs/default/lib/python3.13/site-packages/IPython/core/interactiveshell.py", line 70, in <module>
    from IPython.core.displayhook import DisplayHook
  File "/scratchm/sollivie/spectral-diff/.pixi/envs/default/lib/python3.13/site-packages/IPython/core/displayhook.py", line 19, in <module>
    from .history import HistoryOutput
  File "/scratchm/sollivie/spectral-diff/.pixi/envs/default/lib/python3.13/site-packages/IPython/core/history.py", line 20, in <module>
    from decorator import decorator
ModuleNotFoundError: No module named 'decorator'
[I 2025-12-09 13:42:40.443 ServerApp] AsyncIOLoopKernelRestarter: restarting kernel (2/5), new random ports
Traceback (most recent call last):
  File "<frozen runpy>", line 198, in _run_module_as_main
  File "<frozen runpy>", line 88, in _run_code
  File "/scratchm/sollivie/spectral-diff/.pixi/envs/default/lib/python3.13/site-packages/ipykernel_launcher.py", line 16, in <module>
    from ipykernel import kernelapp as app
  File "/scratchm/sollivie/spectral-diff/.pixi/envs/default/lib/python3.13/site-packages/ipykernel/kernelapp.py", line 21, in <module>
    from IPython.core.application import (  # type:ignore[attr-defined]
    ...<4 lines>...
    )
  File "/scratchm/sollivie/spectral-diff/.pixi/envs/default/lib/python3.13/site-packages/IPython/__init__.py", line 57, in <module>
    from .terminal.embed import embed
  File "/scratchm/sollivie/spectral-diff/.pixi/envs/default/lib/python3.13/site-packages/IPython/terminal/embed.py", line 15, in <module>
    from IPython.core.interactiveshell import InteractiveShell, make_main_module_type
  File "/scratchm/sollivie/spectral-diff/.pixi/envs/default/lib/python3.13/site-packages/IPython/core/interactiveshell.py", line 70, in <module>
    from IPython.core.displayhook import DisplayHook
  File "/scratchm/sollivie/spectral-diff/.pixi/envs/default/lib/python3.13/site-packages/IPython/core/displayhook.py", line 19, in <module>
    from .history import HistoryOutput
  File "/scratchm/sollivie/spectral-diff/.pixi/envs/default/lib/python3.13/site-packages/IPython/core/history.py", line 20, in <module>
    from decorator import decorator
ModuleNotFoundError: No module named 'decorator'
[I 2025-12-09 13:42:43.459 ServerApp] AsyncIOLoopKernelRestarter: restarting kernel (3/5), new random ports
Traceback (most recent call last):
  File "<frozen runpy>", line 198, in _run_module_as_main
  File "<frozen runpy>", line 88, in _run_code
  File "/scratchm/sollivie/spectral-diff/.pixi/envs/default/lib/python3.13/site-packages/ipykernel_launcher.py", line 16, in <module>
    from ipykernel import kernelapp as app
  File "/scratchm/sollivie/spectral-diff/.pixi/envs/default/lib/python3.13/site-packages/ipykernel/kernelapp.py", line 21, in <module>
    from IPython.core.application import (  # type:ignore[attr-defined]
    ...<4 lines>...
    )
  File "/scratchm/sollivie/spectral-diff/.pixi/envs/default/lib/python3.13/site-packages/IPython/__init__.py", line 57, in <module>
    from .terminal.embed import embed
  File "/scratchm/sollivie/spectral-diff/.pixi/envs/default/lib/python3.13/site-packages/IPython/terminal/embed.py", line 15, in <module>
    from IPython.core.interactiveshell import InteractiveShell, make_main_module_type
  File "/scratchm/sollivie/spectral-diff/.pixi/envs/default/lib/python3.13/site-packages/IPython/core/interactiveshell.py", line 70, in <module>
    from IPython.core.displayhook import DisplayHook
  File "/scratchm/sollivie/spectral-diff/.pixi/envs/default/lib/python3.13/site-packages/IPython/core/displayhook.py", line 19, in <module>
    from .history import HistoryOutput
  File "/scratchm/sollivie/spectral-diff/.pixi/envs/default/lib/python3.13/site-packages/IPython/core/history.py", line 20, in <module>
    from decorator import decorator
ModuleNotFoundError: No module named 'decorator'
[I 2025-12-09 13:42:46.475 ServerApp] AsyncIOLoopKernelRestarter: restarting kernel (4/5), new random ports
Traceback (most recent call last):
  File "<frozen runpy>", line 198, in _run_module_as_main
  File "<frozen runpy>", line 88, in _run_code
  File "/scratchm/sollivie/spectral-diff/.pixi/envs/default/lib/python3.13/site-packages/ipykernel_launcher.py", line 16, in <module>
    from ipykernel import kernelapp as app
  File "/scratchm/sollivie/spectral-diff/.pixi/envs/default/lib/python3.13/site-packages/ipykernel/kernelapp.py", line 21, in <module>
    from IPython.core.application import (  # type:ignore[attr-defined]
    ...<4 lines>...
    )
  File "/scratchm/sollivie/spectral-diff/.pixi/envs/default/lib/python3.13/site-packages/IPython/__init__.py", line 57, in <module>
    from .terminal.embed import embed
  File "/scratchm/sollivie/spectral-diff/.pixi/envs/default/lib/python3.13/site-packages/IPython/terminal/embed.py", line 15, in <module>
    from IPython.core.interactiveshell import InteractiveShell, make_main_module_type
  File "/scratchm/sollivie/spectral-diff/.pixi/envs/default/lib/python3.13/site-packages/IPython/core/interactiveshell.py", line 70, in <module>
    from IPython.core.displayhook import DisplayHook
  File "/scratchm/sollivie/spectral-diff/.pixi/envs/default/lib/python3.13/site-packages/IPython/core/displayhook.py", line 19, in <module>
    from .history import HistoryOutput
  File "/scratchm/sollivie/spectral-diff/.pixi/envs/default/lib/python3.13/site-packages/IPython/core/history.py", line 20, in <module>
    from decorator import decorator
ModuleNotFoundError: No module named 'decorator'
[I 2025-12-09 13:42:49.491 ServerApp] AsyncIOLoopKernelRestarter: restarting kernel (5/5), new random ports
Traceback (most recent call last):
  File "<frozen runpy>", line 198, in _run_module_as_main
  File "<frozen runpy>", line 88, in _run_code
  File "/scratchm/sollivie/spectral-diff/.pixi/envs/default/lib/python3.13/site-packages/ipykernel_launcher.py", line 16, in <module>
    from ipykernel import kernelapp as app
  File "/scratchm/sollivie/spectral-diff/.pixi/envs/default/lib/python3.13/site-packages/ipykernel/kernelapp.py", line 21, in <module>
    from IPython.core.application import (  # type:ignore[attr-defined]
    ...<4 lines>...
    )
  File "/scratchm/sollivie/spectral-diff/.pixi/envs/default/lib/python3.13/site-packages/IPython/__init__.py", line 57, in <module>
    from .terminal.embed import embed
  File "/scratchm/sollivie/spectral-diff/.pixi/envs/default/lib/python3.13/site-packages/IPython/terminal/embed.py", line 15, in <module>
    from IPython.core.interactiveshell import InteractiveShell, make_main_module_type
  File "/scratchm/sollivie/spectral-diff/.pixi/envs/default/lib/python3.13/site-packages/IPython/core/interactiveshell.py", line 70, in <module>
    from IPython.core.displayhook import DisplayHook
  File "/scratchm/sollivie/spectral-diff/.pixi/envs/default/lib/python3.13/site-packages/IPython/core/displayhook.py", line 19, in <module>
    from .history import HistoryOutput
  File "/scratchm/sollivie/spectral-diff/.pixi/envs/default/lib/python3.13/site-packages/IPython/core/history.py", line 20, in <module>
    from decorator import decorator
ModuleNotFoundError: No module named 'decorator'
[W 2025-12-09 13:42:52.507 ServerApp] AsyncIOLoopKernelRestarter: restart failed
[W 2025-12-09 13:42:52.507 ServerApp] Kernel 90c024a4-0ca6-4622-b9d0-d30f1b7c68d8 died, removing from map.
[W 2025-12-09 13:43:03.576 ServerApp] Timeout waiting for kernel_info reply from 7cd19a09-ee66-44f6-b345-cb465255c9cd
[E 2025-12-09 13:43:03.577 ServerApp] Uncaught exception GET /api/kernels/7cd19a09-ee66-44f6-b345-cb465255c9cd/channels?session_id=5ecc058b-1903-4a91-9c16-030981c61c98&token=47e401f61e3c5d222d3242273b97f3539d3c32d3512a6593 (10.33.240.8)
    HTTPServerRequest(protocol='http', host='spiro-n211-clu:8888', method='GET', uri='/api/kernels/7cd19a09-ee66-44f6-b345-cb465255c9cd/channels?session_id=5ecc058b-1903-4a91-9c16-030981c61c98&token=47e401f61e3c5d222d3242273b97f3539d3c32d3512a6593', version='HTTP/1.1', remote_ip='10.33.240.8')
    Traceback (most recent call last):
      File "/scratchm/sollivie/spectral-diff/.pixi/envs/default/lib/python3.13/site-packages/tornado/web.py", line 1848, in _execute
        result = await result
                 ^^^^^^^^^^^^
      File "/scratchm/sollivie/spectral-diff/.pixi/envs/default/lib/python3.13/site-packages/jupyter_server/services/kernels/websocket.py", line 66, in get
        await super().get(kernel_id=kernel_id)
      File "/scratchm/sollivie/spectral-diff/.pixi/envs/default/lib/python3.13/site-packages/tornado/websocket.py", line 277, in get
        await self.ws_connection.accept_connection(self)
      File "/scratchm/sollivie/spectral-diff/.pixi/envs/default/lib/python3.13/site-packages/tornado/websocket.py", line 890, in accept_connection
        await self._accept_connection(handler)
      File "/scratchm/sollivie/spectral-diff/.pixi/envs/default/lib/python3.13/site-packages/tornado/websocket.py", line 930, in _accept_connection
        self.selected_subprotocol = handler.select_subprotocol(subprotocols)
                                    ~~~~~~~~~~~~~~~~~~~~~~~~~~^^^^^^^^^^^^^^
      File "/scratchm/sollivie/spectral-diff/.pixi/envs/default/lib/python3.13/site-packages/jupyter_server/services/kernels/websocket.py", line 88, in select_subprotocol
        preferred_protocol = self.connection.kernel_ws_protocol
                             ^^^^^^^^^^^^^^^^^^^^^^^^^^^^^^^^^^
    AttributeError: 'NoneType' object has no attribute 'kernel_ws_protocol'
[E 2025-12-09 13:43:03.586 ServerApp] {
      "Host": "spiro-n211-clu:8888"
    }
[E 2025-12-09 13:43:03.586 ServerApp] 500 GET /api/kernels/7cd19a09-ee66-44f6-b345-cb465255c9cd/channels?session_id=5ecc058b-1903-4a91-9c16-030981c61c98&token=[secret] (a5f1a1883b62446eb8362fdc427c1df1@10.33.240.8) 60019.77ms referer=None
[W 2025-12-09 13:43:34.476 ServerApp] Timeout waiting for kernel_info reply from 90c024a4-0ca6-4622-b9d0-d30f1b7c68d8
[E 2025-12-09 13:43:34.477 ServerApp] Uncaught exception GET /api/kernels/90c024a4-0ca6-4622-b9d0-d30f1b7c68d8/channels?session_id=e589cec0-f124-414a-bbdf-a1aece474b46&token=47e401f61e3c5d222d3242273b97f3539d3c32d3512a6593 (10.33.240.8)
    HTTPServerRequest(protocol='http', host='spiro-n211-clu:8888', method='GET', uri='/api/kernels/90c024a4-0ca6-4622-b9d0-d30f1b7c68d8/channels?session_id=e589cec0-f124-414a-bbdf-a1aece474b46&token=47e401f61e3c5d222d3242273b97f3539d3c32d3512a6593', version='HTTP/1.1', remote_ip='10.33.240.8')
    Traceback (most recent call last):
      File "/scratchm/sollivie/spectral-diff/.pixi/envs/default/lib/python3.13/site-packages/tornado/web.py", line 1848, in _execute
        result = await result
                 ^^^^^^^^^^^^
      File "/scratchm/sollivie/spectral-diff/.pixi/envs/default/lib/python3.13/site-packages/jupyter_server/services/kernels/websocket.py", line 66, in get
        await super().get(kernel_id=kernel_id)
      File "/scratchm/sollivie/spectral-diff/.pixi/envs/default/lib/python3.13/site-packages/tornado/websocket.py", line 277, in get
        await self.ws_connection.accept_connection(self)
      File "/scratchm/sollivie/spectral-diff/.pixi/envs/default/lib/python3.13/site-packages/tornado/websocket.py", line 890, in accept_connection
        await self._accept_connection(handler)
      File "/scratchm/sollivie/spectral-diff/.pixi/envs/default/lib/python3.13/site-packages/tornado/websocket.py", line 930, in _accept_connection
        self.selected_subprotocol = handler.select_subprotocol(subprotocols)
                                    ~~~~~~~~~~~~~~~~~~~~~~~~~~^^^^^^^^^^^^^^
      File "/scratchm/sollivie/spectral-diff/.pixi/envs/default/lib/python3.13/site-packages/jupyter_server/services/kernels/websocket.py", line 88, in select_subprotocol
        preferred_protocol = self.connection.kernel_ws_protocol
                             ^^^^^^^^^^^^^^^^^^^^^^^^^^^^^^^^^^
    AttributeError: 'NoneType' object has no attribute 'kernel_ws_protocol'
[E 2025-12-09 13:43:34.478 ServerApp] {
      "Host": "spiro-n211-clu:8888"
    }
[E 2025-12-09 13:43:34.478 ServerApp] 500 GET /api/kernels/90c024a4-0ca6-4622-b9d0-d30f1b7c68d8/channels?session_id=e589cec0-f124-414a-bbdf-a1aece474b46&token=[secret] (607b105adda049b68bb3754be4b29059@10.33.240.8) 60034.96ms referer=None
slurmstepd: error: *** JOB 353809 ON n211 CANCELLED AT 2025-12-09T14:07:04 ***
