==========================================
SLURM_JOB_ID = 353206
SLURM_JOB_NODELIST = n215
==========================================

-----------------------------------------------------
Command=/scratchm/sollivie/spectral-diff/notebook_cpu.sbatch
-----------------------------------------------------
#!/bin/bash 

#SBATCH --job-name=notebook_cpu

#SBATCH --ntasks=1
#SBATCH --cpus-per-task=16
#SBATCH --mem=0
#SBATCH --time=10:00:00
#SBATCH --qos=co_long_std
#SBATCH --output=logslurm/extract-%A_%a.out
#SBATCH --error=logslurm/extract-%A_%a.err

pixi run jupyter notebook --no-browser --ip=0.0.0.0 --port=8888
-----------------------------------------------------
StartTime=2025-12-05T15:41:13
EndTime=2025-12-05T15:41:26
NodeList=n215
-----------------------------------------------------
Job ID: 353206
Cluster: commun
User/Group: sollivie/dota
State: FAILED (exit code 1)
Nodes: 1
Cores per node: 16
CPU Utilized: 00:00:03
CPU Efficiency: 1.44% of 00:03:28 core-walltime
Job Wall-clock time: 00:00:13
Memory Utilized: 0.00 MB (estimated maximum)
Memory Efficiency: 0.00% of 188.28 GB (188.28 GB/node)
-----------------------------------------------------
