==========================================
SLURM_JOB_ID = 353194
SLURM_JOB_NODELIST = n212
==========================================

-----------------------------------------------------
Command=/scratchm/sollivie/spectral-diff/job2.sbatch
-----------------------------------------------------
#!/bin/bash 

#SBATCH --job-name=extract

#SBATCH --ntasks=1
#SBATCH --cpus-per-task=9
#SBATCH --mem=0
#SBATCH --time=7-0:00:00
#SBATCH --qos=co_long_std
#SBATCH --output=logslurm/extract-%A_%a.out
#SBATCH --error=logslurm/extract-%A_%a.err

pixi run python src/spectral_diff/extract_ms_dataset.py
-----------------------------------------------------
StartTime=2025-12-05T14:28:57
EndTime=2025-12-05T14:29:26
NodeList=n212
-----------------------------------------------------
Job ID: 353194
Cluster: commun
User/Group: sollivie/dota
State: FAILED (exit code 1)
Nodes: 1
Cores per node: 9
CPU Utilized: 00:00:05
CPU Efficiency: 1.92% of 00:04:21 core-walltime
Job Wall-clock time: 00:00:29
Memory Utilized: 0.00 MB (estimated maximum)
Memory Efficiency: 0.00% of 188.28 GB (188.28 GB/node)
-----------------------------------------------------
