==========================================
SLURM_JOB_ID = 353199
SLURM_JOB_NODELIST = n212
==========================================

-----------------------------------------------------
Command=/scratchm/sollivie/spectral-diff/job2.sbatch
-----------------------------------------------------
#!/bin/bash 

#SBATCH --job-name=extract

#SBATCH --ntasks=1
#SBATCH --cpus-per-task=9
#SBATCH --mem=0
#SBATCH --time=7-0:00:00
#SBATCH --qos=co_long_std
#SBATCH --output=logslurm/extract-%A_%a.out
#SBATCH --error=logslurm/extract-%A_%a.err

pixi run python src/spectral_diff/extract_ms_dataset.py
-----------------------------------------------------
StartTime=2025-12-05T14:48:25
EndTime=2025-12-05T15:02:40
NodeList=n212
-----------------------------------------------------
Job ID: 353199
Cluster: commun
User/Group: sollivie/dota
State: COMPLETED (exit code 0)
Nodes: 1
Cores per node: 9
CPU Utilized: 00:04:01
CPU Efficiency: 3.13% of 02:08:15 core-walltime
Job Wall-clock time: 00:14:15
Memory Utilized: 3.75 GB
Memory Efficiency: 1.99% of 188.28 GB
-----------------------------------------------------
