==========================================
SLURM_JOB_ID = 353811
SLURM_JOB_NODELIST = g301
==========================================

-----------------------------------------------------
Command=/scratchm/sollivie/spectral-diff/gpu_notebook.sbatch
-----------------------------------------------------
#!/bin/bash 

#SBATCH --job-name=gpu_notebook

#SBATCH --ntasks=1
#SBATCH --cpus-per-task=16
#SBATCH --mem=0
#SBATCH --time=10:00:00
#SBATCH --qos=co_long_gpu
#SBATCH --output=logslurm/gpu_notebook-%A_%a.out
#SBATCH --error=logslurm/gpu_notebook-%A_%a.err

pixi run jupyter notebook --no-browser --ip=0.0.0.0 --port=8888
-----------------------------------------------------
StartTime=2025-12-09T13:59:48
EndTime=2025-12-09T14:07:04
NodeList=g301
-----------------------------------------------------
Job ID: 353811
Cluster: commun
User/Group: sollivie/dota
State: CANCELLED (exit code 0)
Nodes: 1
Cores per node: 16
CPU Utilized: 00:00:04
CPU Efficiency: 0.06% of 01:56:16 core-walltime
Job Wall-clock time: 00:07:16
Memory Utilized: 245.30 MB
Memory Efficiency: 0.13% of 188.28 GB
-----------------------------------------------------
