[W 2025-12-09 13:59:58.561 ServerApp] jupyterlab | error adding extension (enabled: True): Unknown scheme for proxy URL URL('proxy.onera:80')
    Traceback (most recent call last):
      File "/scratchm/sollivie/spectral-diff/.pixi/envs/default/lib/python3.13/site-packages/jupyter_server/extension/manager.py", line 365, in add_extension
        extpkg = ExtensionPackage(name=extension_name, enabled=enabled)
      File "/scratchm/sollivie/spectral-diff/.pixi/envs/default/lib/python3.13/site-packages/jupyter_server/extension/manager.py", line 219, in __init__
        self._load_metadata()
        ~~~~~~~~~~~~~~~~~~~^^
      File "/scratchm/sollivie/spectral-diff/.pixi/envs/default/lib/python3.13/site-packages/jupyter_server/extension/manager.py", line 228, in _load_metadata
        self.module, self.metadata = get_metadata(name, logger=self.log)
                                     ~~~~~~~~~~~~^^^^^^^^^^^^^^^^^^^^^^^
      File "/scratchm/sollivie/spectral-diff/.pixi/envs/default/lib/python3.13/site-packages/jupyter_server/extension/utils.py", line 76, in get_metadata
        return module, module._jupyter_server_extension_points()
                       ~~~~~~~~~~~~~~~~~~~~~~~~~~~~~~~~~~~~~~~^^
      File "/scratchm/sollivie/spectral-diff/.pixi/envs/default/lib/python3.13/site-packages/jupyterlab/__init__.py", line 20, in _jupyter_server_extension_points
        from .labapp import LabApp
      File "/scratchm/sollivie/spectral-diff/.pixi/envs/default/lib/python3.13/site-packages/jupyterlab/labapp.py", line 46, in <module>
        from .extensions import MANAGERS as EXT_MANAGERS
      File "/scratchm/sollivie/spectral-diff/.pixi/envs/default/lib/python3.13/site-packages/jupyterlab/extensions/__init__.py", line 12, in <module>
        from .pypi import PyPIExtensionManager
      File "/scratchm/sollivie/spectral-diff/.pixi/envs/default/lib/python3.13/site-packages/jupyterlab/extensions/pypi.py", line 74, in <module>
        "http://": httpx.AsyncHTTPTransport(proxy=http_proxy_url),
                   ~~~~~~~~~~~~~~~~~~~~~~~~^^^^^^^^^^^^^^^^^^^^^^
      File "/scratchm/sollivie/spectral-diff/.pixi/envs/default/lib/python3.13/site-packages/httpx/_transports/default.py", line 296, in __init__
        proxy = Proxy(url=proxy) if isinstance(proxy, (str, URL)) else proxy
                ~~~~~^^^^^^^^^^^
      File "/scratchm/sollivie/spectral-diff/.pixi/envs/default/lib/python3.13/site-packages/httpx/_config.py", line 214, in __init__
        raise ValueError(f"Unknown scheme for proxy URL {url!r}")
    ValueError: Unknown scheme for proxy URL URL('proxy.onera:80')
[I 2025-12-09 13:59:58.572 ServerApp] jupyter_lsp | extension was successfully linked.
[I 2025-12-09 13:59:58.576 ServerApp] jupyter_server_terminals | extension was successfully linked.
[I 2025-12-09 13:59:58.580 ServerApp] notebook | extension was successfully linked.
[W 2025-12-09 13:59:58.761 ServerApp] jupyterlab | error adding extension (enabled: True): Unknown scheme for proxy URL URL('proxy.onera:80')
    Traceback (most recent call last):
      File "/scratchm/sollivie/spectral-diff/.pixi/envs/default/lib/python3.13/site-packages/jupyter_server/extension/manager.py", line 365, in add_extension
        extpkg = ExtensionPackage(name=extension_name, enabled=enabled)
      File "/scratchm/sollivie/spectral-diff/.pixi/envs/default/lib/python3.13/site-packages/jupyter_server/extension/manager.py", line 219, in __init__
        self._load_metadata()
        ~~~~~~~~~~~~~~~~~~~^^
      File "/scratchm/sollivie/spectral-diff/.pixi/envs/default/lib/python3.13/site-packages/jupyter_server/extension/manager.py", line 228, in _load_metadata
        self.module, self.metadata = get_metadata(name, logger=self.log)
                                     ~~~~~~~~~~~~^^^^^^^^^^^^^^^^^^^^^^^
      File "/scratchm/sollivie/spectral-diff/.pixi/envs/default/lib/python3.13/site-packages/jupyter_server/extension/utils.py", line 76, in get_metadata
        return module, module._jupyter_server_extension_points()
                       ~~~~~~~~~~~~~~~~~~~~~~~~~~~~~~~~~~~~~~~^^
      File "/scratchm/sollivie/spectral-diff/.pixi/envs/default/lib/python3.13/site-packages/jupyterlab/__init__.py", line 20, in _jupyter_server_extension_points
        from .labapp import LabApp
      File "/scratchm/sollivie/spectral-diff/.pixi/envs/default/lib/python3.13/site-packages/jupyterlab/labapp.py", line 46, in <module>
        from .extensions import MANAGERS as EXT_MANAGERS
      File "/scratchm/sollivie/spectral-diff/.pixi/envs/default/lib/python3.13/site-packages/jupyterlab/extensions/__init__.py", line 12, in <module>
        from .pypi import PyPIExtensionManager
      File "/scratchm/sollivie/spectral-diff/.pixi/envs/default/lib/python3.13/site-packages/jupyterlab/extensions/pypi.py", line 74, in <module>
        "http://": httpx.AsyncHTTPTransport(proxy=http_proxy_url),
                   ~~~~~~~~~~~~~~~~~~~~~~~~^^^^^^^^^^^^^^^^^^^^^^
      File "/scratchm/sollivie/spectral-diff/.pixi/envs/default/lib/python3.13/site-packages/httpx/_transports/default.py", line 296, in __init__
        proxy = Proxy(url=proxy) if isinstance(proxy, (str, URL)) else proxy
                ~~~~~^^^^^^^^^^^
      File "/scratchm/sollivie/spectral-diff/.pixi/envs/default/lib/python3.13/site-packages/httpx/_config.py", line 214, in __init__
        raise ValueError(f"Unknown scheme for proxy URL {url!r}")
    ValueError: Unknown scheme for proxy URL URL('proxy.onera:80')
[I 2025-12-09 13:59:58.763 ServerApp] notebook_shim | extension was successfully linked.
[I 2025-12-09 13:59:58.820 ServerApp] notebook_shim | extension was successfully loaded.
[I 2025-12-09 13:59:58.821 ServerApp] jupyter_lsp | extension was successfully loaded.
[I 2025-12-09 13:59:58.823 ServerApp] jupyter_server_terminals | extension was successfully loaded.
[I 2025-12-09 13:59:58.841 ServerApp] notebook | extension was successfully loaded.
[I 2025-12-09 13:59:58.842 ServerApp] Serving notebooks from local directory: /scratchm/sollivie/spectral-diff
[I 2025-12-09 13:59:58.842 ServerApp] Jupyter Server 2.17.0 is running at:
[I 2025-12-09 13:59:58.842 ServerApp] http://spiro-g301-clu:8888/tree?token=85213555de42c8c345cc210149aab5df39d0a6a0d3841879
[I 2025-12-09 13:59:58.842 ServerApp]     http://127.0.0.1:8888/tree?token=85213555de42c8c345cc210149aab5df39d0a6a0d3841879
[I 2025-12-09 13:59:58.842 ServerApp] Use Control-C to stop this server and shut down all kernels (twice to skip confirmation).
[C 2025-12-09 13:59:58.852 ServerApp] 
    
    To access the server, open this file in a browser:
        file:///stck/sollivie/.local/share/jupyter/runtime/jpserver-2342581-open.html
    Or copy and paste one of these URLs:
        http://spiro-g301-clu:8888/tree?token=85213555de42c8c345cc210149aab5df39d0a6a0d3841879
        http://127.0.0.1:8888/tree?token=85213555de42c8c345cc210149aab5df39d0a6a0d3841879
[W 2025-12-09 13:59:58.958 ServerApp] Could not determine npm prefix: Command '['/opt/tools/bin/npm', 'prefix', '-g']' returned non-zero exit status 127.
[I 2025-12-09 13:59:59.326 ServerApp] Skipped non-installed server(s): basedpyright, bash-language-server, dockerfile-language-server-nodejs, javascript-typescript-langserver, jedi-language-server, julia-language-server, pyrefly, pyright, python-language-server, python-lsp-server, r-languageserver, sql-language-server, texlab, typescript-language-server, unified-language-server, vscode-css-languageserver-bin, vscode-html-languageserver-bin, vscode-json-languageserver-bin, yaml-language-server
[I 2025-12-09 14:01:06.117 ServerApp] 302 GET / (@10.33.240.8) 0.35ms
[I 2025-12-09 14:01:06.120 JupyterNotebookApp] 302 GET /tree? (@10.33.240.8) 0.38ms
[I 2025-12-09 14:01:07.211 ServerApp] 302 GET / (@10.33.240.8) 0.17ms
[I 2025-12-09 14:01:07.213 JupyterNotebookApp] 302 GET /tree? (@10.33.240.8) 0.23ms
[I 2025-12-09 14:01:11.636 ServerApp] 302 GET / (@10.33.240.8) 0.18ms
[I 2025-12-09 14:01:11.639 JupyterNotebookApp] 302 GET /tree? (@10.33.240.8) 0.32ms
/scratchm/sollivie/spectral-diff/.pixi/envs/default/lib/python3.13/site-packages/jupyter_client/localinterfaces.py:56: UserWarning: Unexpected error discovering local network interfaces: module 'psutil' has no attribute 'net_if_addrs'
  ret = f(**kwargs)
[I 2025-12-09 14:01:11.691 ServerApp] Kernel started: cdebc47b-3d4b-4dc5-a9dd-2b614873d476
Traceback (most recent call last):
  File "<frozen runpy>", line 198, in _run_module_as_main
  File "<frozen runpy>", line 88, in _run_code
  File "/scratchm/sollivie/spectral-diff/.pixi/envs/default/lib/python3.13/site-packages/ipykernel_launcher.py", line 16, in <module>
    from ipykernel import kernelapp as app
  File "/scratchm/sollivie/spectral-diff/.pixi/envs/default/lib/python3.13/site-packages/ipykernel/kernelapp.py", line 21, in <module>
    from IPython.core.application import (  # type:ignore[attr-defined]
    ...<4 lines>...
    )
  File "/scratchm/sollivie/spectral-diff/.pixi/envs/default/lib/python3.13/site-packages/IPython/__init__.py", line 57, in <module>
    from .terminal.embed import embed
  File "/scratchm/sollivie/spectral-diff/.pixi/envs/default/lib/python3.13/site-packages/IPython/terminal/embed.py", line 15, in <module>
    from IPython.core.interactiveshell import InteractiveShell, make_main_module_type
  File "/scratchm/sollivie/spectral-diff/.pixi/envs/default/lib/python3.13/site-packages/IPython/core/interactiveshell.py", line 70, in <module>
    from IPython.core.displayhook import DisplayHook
  File "/scratchm/sollivie/spectral-diff/.pixi/envs/default/lib/python3.13/site-packages/IPython/core/displayhook.py", line 19, in <module>
    from .history import HistoryOutput
  File "/scratchm/sollivie/spectral-diff/.pixi/envs/default/lib/python3.13/site-packages/IPython/core/history.py", line 20, in <module>
    from decorator import decorator
ModuleNotFoundError: No module named 'decorator'
[I 2025-12-09 14:01:14.680 ServerApp] AsyncIOLoopKernelRestarter: restarting kernel (1/5), new random ports
Traceback (most recent call last):
  File "<frozen runpy>", line 198, in _run_module_as_main
  File "<frozen runpy>", line 88, in _run_code
  File "/scratchm/sollivie/spectral-diff/.pixi/envs/default/lib/python3.13/site-packages/ipykernel_launcher.py", line 16, in <module>
    from ipykernel import kernelapp as app
  File "/scratchm/sollivie/spectral-diff/.pixi/envs/default/lib/python3.13/site-packages/ipykernel/kernelapp.py", line 21, in <module>
    from IPython.core.application import (  # type:ignore[attr-defined]
    ...<4 lines>...
    )
  File "/scratchm/sollivie/spectral-diff/.pixi/envs/default/lib/python3.13/site-packages/IPython/__init__.py", line 57, in <module>
    from .terminal.embed import embed
  File "/scratchm/sollivie/spectral-diff/.pixi/envs/default/lib/python3.13/site-packages/IPython/terminal/embed.py", line 15, in <module>
    from IPython.core.interactiveshell import InteractiveShell, make_main_module_type
  File "/scratchm/sollivie/spectral-diff/.pixi/envs/default/lib/python3.13/site-packages/IPython/core/interactiveshell.py", line 70, in <module>
    from IPython.core.displayhook import DisplayHook
  File "/scratchm/sollivie/spectral-diff/.pixi/envs/default/lib/python3.13/site-packages/IPython/core/displayhook.py", line 19, in <module>
    from .history import HistoryOutput
  File "/scratchm/sollivie/spectral-diff/.pixi/envs/default/lib/python3.13/site-packages/IPython/core/history.py", line 20, in <module>
    from decorator import decorator
ModuleNotFoundError: No module named 'decorator'
[I 2025-12-09 14:01:17.694 ServerApp] AsyncIOLoopKernelRestarter: restarting kernel (2/5), new random ports
Traceback (most recent call last):
  File "<frozen runpy>", line 198, in _run_module_as_main
  File "<frozen runpy>", line 88, in _run_code
  File "/scratchm/sollivie/spectral-diff/.pixi/envs/default/lib/python3.13/site-packages/ipykernel_launcher.py", line 16, in <module>
    from ipykernel import kernelapp as app
  File "/scratchm/sollivie/spectral-diff/.pixi/envs/default/lib/python3.13/site-packages/ipykernel/kernelapp.py", line 21, in <module>
    from IPython.core.application import (  # type:ignore[attr-defined]
    ...<4 lines>...
    )
  File "/scratchm/sollivie/spectral-diff/.pixi/envs/default/lib/python3.13/site-packages/IPython/__init__.py", line 57, in <module>
    from .terminal.embed import embed
  File "/scratchm/sollivie/spectral-diff/.pixi/envs/default/lib/python3.13/site-packages/IPython/terminal/embed.py", line 15, in <module>
    from IPython.core.interactiveshell import InteractiveShell, make_main_module_type
  File "/scratchm/sollivie/spectral-diff/.pixi/envs/default/lib/python3.13/site-packages/IPython/core/interactiveshell.py", line 70, in <module>
    from IPython.core.displayhook import DisplayHook
  File "/scratchm/sollivie/spectral-diff/.pixi/envs/default/lib/python3.13/site-packages/IPython/core/displayhook.py", line 19, in <module>
    from .history import HistoryOutput
  File "/scratchm/sollivie/spectral-diff/.pixi/envs/default/lib/python3.13/site-packages/IPython/core/history.py", line 20, in <module>
    from decorator import decorator
ModuleNotFoundError: No module named 'decorator'
[I 2025-12-09 14:01:20.711 ServerApp] AsyncIOLoopKernelRestarter: restarting kernel (3/5), new random ports
Traceback (most recent call last):
  File "<frozen runpy>", line 198, in _run_module_as_main
  File "<frozen runpy>", line 88, in _run_code
  File "/scratchm/sollivie/spectral-diff/.pixi/envs/default/lib/python3.13/site-packages/ipykernel_launcher.py", line 16, in <module>
    from ipykernel import kernelapp as app
  File "/scratchm/sollivie/spectral-diff/.pixi/envs/default/lib/python3.13/site-packages/ipykernel/kernelapp.py", line 21, in <module>
    from IPython.core.application import (  # type:ignore[attr-defined]
    ...<4 lines>...
    )
  File "/scratchm/sollivie/spectral-diff/.pixi/envs/default/lib/python3.13/site-packages/IPython/__init__.py", line 57, in <module>
    from .terminal.embed import embed
  File "/scratchm/sollivie/spectral-diff/.pixi/envs/default/lib/python3.13/site-packages/IPython/terminal/embed.py", line 15, in <module>
    from IPython.core.interactiveshell import InteractiveShell, make_main_module_type
  File "/scratchm/sollivie/spectral-diff/.pixi/envs/default/lib/python3.13/site-packages/IPython/core/interactiveshell.py", line 70, in <module>
    from IPython.core.displayhook import DisplayHook
  File "/scratchm/sollivie/spectral-diff/.pixi/envs/default/lib/python3.13/site-packages/IPython/core/displayhook.py", line 19, in <module>
    from .history import HistoryOutput
  File "/scratchm/sollivie/spectral-diff/.pixi/envs/default/lib/python3.13/site-packages/IPython/core/history.py", line 20, in <module>
    from decorator import decorator
ModuleNotFoundError: No module named 'decorator'
[I 2025-12-09 14:01:23.727 ServerApp] AsyncIOLoopKernelRestarter: restarting kernel (4/5), new random ports
Traceback (most recent call last):
  File "<frozen runpy>", line 198, in _run_module_as_main
  File "<frozen runpy>", line 88, in _run_code
  File "/scratchm/sollivie/spectral-diff/.pixi/envs/default/lib/python3.13/site-packages/ipykernel_launcher.py", line 16, in <module>
    from ipykernel import kernelapp as app
  File "/scratchm/sollivie/spectral-diff/.pixi/envs/default/lib/python3.13/site-packages/ipykernel/kernelapp.py", line 21, in <module>
    from IPython.core.application import (  # type:ignore[attr-defined]
    ...<4 lines>...
    )
  File "/scratchm/sollivie/spectral-diff/.pixi/envs/default/lib/python3.13/site-packages/IPython/__init__.py", line 57, in <module>
    from .terminal.embed import embed
  File "/scratchm/sollivie/spectral-diff/.pixi/envs/default/lib/python3.13/site-packages/IPython/terminal/embed.py", line 15, in <module>
    from IPython.core.interactiveshell import InteractiveShell, make_main_module_type
  File "/scratchm/sollivie/spectral-diff/.pixi/envs/default/lib/python3.13/site-packages/IPython/core/interactiveshell.py", line 70, in <module>
    from IPython.core.displayhook import DisplayHook
  File "/scratchm/sollivie/spectral-diff/.pixi/envs/default/lib/python3.13/site-packages/IPython/core/displayhook.py", line 19, in <module>
    from .history import HistoryOutput
  File "/scratchm/sollivie/spectral-diff/.pixi/envs/default/lib/python3.13/site-packages/IPython/core/history.py", line 20, in <module>
    from decorator import decorator
ModuleNotFoundError: No module named 'decorator'
[I 2025-12-09 14:01:26.743 ServerApp] AsyncIOLoopKernelRestarter: restarting kernel (5/5), new random ports
Traceback (most recent call last):
  File "<frozen runpy>", line 198, in _run_module_as_main
  File "<frozen runpy>", line 88, in _run_code
  File "/scratchm/sollivie/spectral-diff/.pixi/envs/default/lib/python3.13/site-packages/ipykernel_launcher.py", line 16, in <module>
    from ipykernel import kernelapp as app
  File "/scratchm/sollivie/spectral-diff/.pixi/envs/default/lib/python3.13/site-packages/ipykernel/kernelapp.py", line 21, in <module>
    from IPython.core.application import (  # type:ignore[attr-defined]
    ...<4 lines>...
    )
  File "/scratchm/sollivie/spectral-diff/.pixi/envs/default/lib/python3.13/site-packages/IPython/__init__.py", line 57, in <module>
    from .terminal.embed import embed
  File "/scratchm/sollivie/spectral-diff/.pixi/envs/default/lib/python3.13/site-packages/IPython/terminal/embed.py", line 15, in <module>
    from IPython.core.interactiveshell import InteractiveShell, make_main_module_type
  File "/scratchm/sollivie/spectral-diff/.pixi/envs/default/lib/python3.13/site-packages/IPython/core/interactiveshell.py", line 70, in <module>
    from IPython.core.displayhook import DisplayHook
  File "/scratchm/sollivie/spectral-diff/.pixi/envs/default/lib/python3.13/site-packages/IPython/core/displayhook.py", line 19, in <module>
    from .history import HistoryOutput
  File "/scratchm/sollivie/spectral-diff/.pixi/envs/default/lib/python3.13/site-packages/IPython/core/history.py", line 20, in <module>
    from decorator import decorator
ModuleNotFoundError: No module named 'decorator'
[W 2025-12-09 14:01:29.760 ServerApp] AsyncIOLoopKernelRestarter: restart failed
[W 2025-12-09 14:01:29.760 ServerApp] Kernel cdebc47b-3d4b-4dc5-a9dd-2b614873d476 died, removing from map.
[I 2025-12-09 14:01:33.724 ServerApp] 302 GET / (@10.33.240.8) 0.66ms
[I 2025-12-09 14:01:33.733 JupyterNotebookApp] 302 GET /tree? (@10.33.240.8) 0.80ms
[W 2025-12-09 14:01:33.758 ServerApp] wrote error: 'Forbidden'
    Traceback (most recent call last):
      File "/scratchm/sollivie/spectral-diff/.pixi/envs/default/lib/python3.13/site-packages/tornado/web.py", line 1846, in _execute
        result = method(*self.path_args, **self.path_kwargs)
      File "/scratchm/sollivie/spectral-diff/.pixi/envs/default/lib/python3.13/site-packages/tornado/web.py", line 3363, in wrapper
        url = self.get_login_url()
      File "/scratchm/sollivie/spectral-diff/.pixi/envs/default/lib/python3.13/site-packages/jupyter_server/base/handlers.py", line 786, in get_login_url
        raise web.HTTPError(403)
    tornado.web.HTTPError: HTTP 403: Forbidden
[W 2025-12-09 14:01:33.763 ServerApp] 403 GET /api/kernelspecs?1765285293755 (@10.33.240.8) 5.23ms referer=None
[W 2025-12-09 14:01:33.764 ServerApp] wrote error: 'Forbidden'
    Traceback (most recent call last):
      File "/scratchm/sollivie/spectral-diff/.pixi/envs/default/lib/python3.13/site-packages/tornado/web.py", line 1846, in _execute
        result = method(*self.path_args, **self.path_kwargs)
      File "/scratchm/sollivie/spectral-diff/.pixi/envs/default/lib/python3.13/site-packages/tornado/web.py", line 3363, in wrapper
        url = self.get_login_url()
      File "/scratchm/sollivie/spectral-diff/.pixi/envs/default/lib/python3.13/site-packages/jupyter_server/base/handlers.py", line 786, in get_login_url
        raise web.HTTPError(403)
    tornado.web.HTTPError: HTTP 403: Forbidden
[W 2025-12-09 14:01:33.765 ServerApp] 403 GET /api/kernels?1765285293755 (@10.33.240.8) 1.39ms referer=None
[W 2025-12-09 14:01:33.765 ServerApp] wrote error: 'Forbidden'
    Traceback (most recent call last):
      File "/scratchm/sollivie/spectral-diff/.pixi/envs/default/lib/python3.13/site-packages/tornado/web.py", line 1846, in _execute
        result = method(*self.path_args, **self.path_kwargs)
      File "/scratchm/sollivie/spectral-diff/.pixi/envs/default/lib/python3.13/site-packages/tornado/web.py", line 3363, in wrapper
        url = self.get_login_url()
      File "/scratchm/sollivie/spectral-diff/.pixi/envs/default/lib/python3.13/site-packages/jupyter_server/base/handlers.py", line 786, in get_login_url
        raise web.HTTPError(403)
    tornado.web.HTTPError: HTTP 403: Forbidden
[W 2025-12-09 14:01:33.766 ServerApp] 403 GET /api/kernels?1765285293759 (@10.33.240.8) 1.89ms referer=None
[W 2025-12-09 14:01:33.766 ServerApp] wrote error: 'Forbidden'
    Traceback (most recent call last):
      File "/scratchm/sollivie/spectral-diff/.pixi/envs/default/lib/python3.13/site-packages/tornado/web.py", line 1846, in _execute
        result = method(*self.path_args, **self.path_kwargs)
      File "/scratchm/sollivie/spectral-diff/.pixi/envs/default/lib/python3.13/site-packages/tornado/web.py", line 3363, in wrapper
        url = self.get_login_url()
      File "/scratchm/sollivie/spectral-diff/.pixi/envs/default/lib/python3.13/site-packages/jupyter_server/base/handlers.py", line 786, in get_login_url
        raise web.HTTPError(403)
    tornado.web.HTTPError: HTTP 403: Forbidden
[W 2025-12-09 14:01:33.766 ServerApp] 403 GET /api/sessions?1765285293759 (@10.33.240.8) 2.40ms referer=None
[W 2025-12-09 14:01:33.767 ServerApp] wrote error: 'Forbidden'
    Traceback (most recent call last):
      File "/scratchm/sollivie/spectral-diff/.pixi/envs/default/lib/python3.13/site-packages/tornado/web.py", line 1846, in _execute
        result = method(*self.path_args, **self.path_kwargs)
      File "/scratchm/sollivie/spectral-diff/.pixi/envs/default/lib/python3.13/site-packages/tornado/web.py", line 3363, in wrapper
        url = self.get_login_url()
      File "/scratchm/sollivie/spectral-diff/.pixi/envs/default/lib/python3.13/site-packages/jupyter_server/base/handlers.py", line 786, in get_login_url
        raise web.HTTPError(403)
    tornado.web.HTTPError: HTTP 403: Forbidden
[W 2025-12-09 14:01:33.767 ServerApp] 403 GET /api/kernelspecs?1765285293764 (@10.33.240.8) 0.71ms referer=None
[I 2025-12-09 14:01:33.770 ServerApp] 302 GET / (@10.33.240.8) 0.17ms
[I 2025-12-09 14:01:33.772 JupyterNotebookApp] 302 GET /tree? (@10.33.240.8) 0.22ms
[W 2025-12-09 14:01:33.778 ServerApp] wrote error: 'Forbidden'
    Traceback (most recent call last):
      File "/scratchm/sollivie/spectral-diff/.pixi/envs/default/lib/python3.13/site-packages/tornado/web.py", line 1846, in _execute
        result = method(*self.path_args, **self.path_kwargs)
      File "/scratchm/sollivie/spectral-diff/.pixi/envs/default/lib/python3.13/site-packages/tornado/web.py", line 3363, in wrapper
        url = self.get_login_url()
      File "/scratchm/sollivie/spectral-diff/.pixi/envs/default/lib/python3.13/site-packages/jupyter_server/base/handlers.py", line 786, in get_login_url
        raise web.HTTPError(403)
    tornado.web.HTTPError: HTTP 403: Forbidden
[W 2025-12-09 14:01:33.778 ServerApp] 403 GET /api/kernelspecs?1765285293775 (@10.33.240.8) 0.89ms referer=None
[W 2025-12-09 14:01:33.780 ServerApp] wrote error: 'Forbidden'
    Traceback (most recent call last):
      File "/scratchm/sollivie/spectral-diff/.pixi/envs/default/lib/python3.13/site-packages/tornado/web.py", line 1846, in _execute
        result = method(*self.path_args, **self.path_kwargs)
      File "/scratchm/sollivie/spectral-diff/.pixi/envs/default/lib/python3.13/site-packages/tornado/web.py", line 3363, in wrapper
        url = self.get_login_url()
      File "/scratchm/sollivie/spectral-diff/.pixi/envs/default/lib/python3.13/site-packages/jupyter_server/base/handlers.py", line 786, in get_login_url
        raise web.HTTPError(403)
    tornado.web.HTTPError: HTTP 403: Forbidden
[W 2025-12-09 14:01:33.781 ServerApp] 403 GET /api/kernels?1765285293775 (@10.33.240.8) 0.75ms referer=None
[W 2025-12-09 14:01:33.781 ServerApp] wrote error: 'Forbidden'
    Traceback (most recent call last):
      File "/scratchm/sollivie/spectral-diff/.pixi/envs/default/lib/python3.13/site-packages/tornado/web.py", line 1846, in _execute
        result = method(*self.path_args, **self.path_kwargs)
      File "/scratchm/sollivie/spectral-diff/.pixi/envs/default/lib/python3.13/site-packages/tornado/web.py", line 3363, in wrapper
        url = self.get_login_url()
      File "/scratchm/sollivie/spectral-diff/.pixi/envs/default/lib/python3.13/site-packages/jupyter_server/base/handlers.py", line 786, in get_login_url
        raise web.HTTPError(403)
    tornado.web.HTTPError: HTTP 403: Forbidden
[W 2025-12-09 14:01:33.782 ServerApp] 403 GET /api/kernels?1765285293777 (@10.33.240.8) 0.69ms referer=None
[W 2025-12-09 14:01:33.782 ServerApp] wrote error: 'Forbidden'
    Traceback (most recent call last):
      File "/scratchm/sollivie/spectral-diff/.pixi/envs/default/lib/python3.13/site-packages/tornado/web.py", line 1846, in _execute
        result = method(*self.path_args, **self.path_kwargs)
      File "/scratchm/sollivie/spectral-diff/.pixi/envs/default/lib/python3.13/site-packages/tornado/web.py", line 3363, in wrapper
        url = self.get_login_url()
      File "/scratchm/sollivie/spectral-diff/.pixi/envs/default/lib/python3.13/site-packages/jupyter_server/base/handlers.py", line 786, in get_login_url
        raise web.HTTPError(403)
    tornado.web.HTTPError: HTTP 403: Forbidden
[W 2025-12-09 14:01:33.783 ServerApp] 403 GET /api/kernelspecs?1765285293780 (@10.33.240.8) 0.84ms referer=None
[W 2025-12-09 14:01:33.783 ServerApp] wrote error: 'Forbidden'
    Traceback (most recent call last):
      File "/scratchm/sollivie/spectral-diff/.pixi/envs/default/lib/python3.13/site-packages/tornado/web.py", line 1846, in _execute
        result = method(*self.path_args, **self.path_kwargs)
      File "/scratchm/sollivie/spectral-diff/.pixi/envs/default/lib/python3.13/site-packages/tornado/web.py", line 3363, in wrapper
        url = self.get_login_url()
      File "/scratchm/sollivie/spectral-diff/.pixi/envs/default/lib/python3.13/site-packages/jupyter_server/base/handlers.py", line 786, in get_login_url
        raise web.HTTPError(403)
    tornado.web.HTTPError: HTTP 403: Forbidden
[W 2025-12-09 14:01:33.784 ServerApp] 403 GET /api/sessions?1765285293778 (@10.33.240.8) 1.33ms referer=None
[W 2025-12-09 14:02:11.740 ServerApp] Timeout waiting for kernel_info reply from cdebc47b-3d4b-4dc5-a9dd-2b614873d476
[E 2025-12-09 14:02:11.740 ServerApp] Uncaught exception GET /api/kernels/cdebc47b-3d4b-4dc5-a9dd-2b614873d476/channels?session_id=b4adccca-b9df-473f-a2bd-bd1ef6a50976&token=85213555de42c8c345cc210149aab5df39d0a6a0d3841879 (10.33.240.8)
    HTTPServerRequest(protocol='http', host='spiro-g301-clu:8888', method='GET', uri='/api/kernels/cdebc47b-3d4b-4dc5-a9dd-2b614873d476/channels?session_id=b4adccca-b9df-473f-a2bd-bd1ef6a50976&token=85213555de42c8c345cc210149aab5df39d0a6a0d3841879', version='HTTP/1.1', remote_ip='10.33.240.8')
    Traceback (most recent call last):
      File "/scratchm/sollivie/spectral-diff/.pixi/envs/default/lib/python3.13/site-packages/tornado/web.py", line 1848, in _execute
        result = await result
                 ^^^^^^^^^^^^
      File "/scratchm/sollivie/spectral-diff/.pixi/envs/default/lib/python3.13/site-packages/jupyter_server/services/kernels/websocket.py", line 66, in get
        await super().get(kernel_id=kernel_id)
      File "/scratchm/sollivie/spectral-diff/.pixi/envs/default/lib/python3.13/site-packages/tornado/websocket.py", line 277, in get
        await self.ws_connection.accept_connection(self)
      File "/scratchm/sollivie/spectral-diff/.pixi/envs/default/lib/python3.13/site-packages/tornado/websocket.py", line 890, in accept_connection
        await self._accept_connection(handler)
      File "/scratchm/sollivie/spectral-diff/.pixi/envs/default/lib/python3.13/site-packages/tornado/websocket.py", line 930, in _accept_connection
        self.selected_subprotocol = handler.select_subprotocol(subprotocols)
                                    ~~~~~~~~~~~~~~~~~~~~~~~~~~^^^^^^^^^^^^^^
      File "/scratchm/sollivie/spectral-diff/.pixi/envs/default/lib/python3.13/site-packages/jupyter_server/services/kernels/websocket.py", line 88, in select_subprotocol
        preferred_protocol = self.connection.kernel_ws_protocol
                             ^^^^^^^^^^^^^^^^^^^^^^^^^^^^^^^^^^
    AttributeError: 'NoneType' object has no attribute 'kernel_ws_protocol'
[E 2025-12-09 14:02:11.749 ServerApp] {
      "Host": "spiro-g301-clu:8888"
    }
[E 2025-12-09 14:02:11.749 ServerApp] 500 GET /api/kernels/cdebc47b-3d4b-4dc5-a9dd-2b614873d476/channels?session_id=b4adccca-b9df-473f-a2bd-bd1ef6a50976&token=[secret] (75a0187486d643abad198e8e3f399cce@10.33.240.8) 60048.92ms referer=None
slurmstepd: error: *** JOB 353811 ON g301 CANCELLED AT 2025-12-09T14:07:04 ***
